mode: atomic
github.com/shentufoundation/shentu/v2/vm/utils.go:12.37,16.2 3 69089
github.com/shentufoundation/shentu/v2/vm/utils.go:19.43,22.2 2 3097
github.com/shentufoundation/shentu/v2/vm/utils.go:26.42,28.2 1 5
github.com/shentufoundation/shentu/v2/vm/utils.go:32.42,34.2 1 3033
github.com/shentufoundation/shentu/v2/vm/utils.go:38.42,39.22 1 53845
github.com/shentufoundation/shentu/v2/vm/utils.go:42.2,42.36 1 53815
github.com/shentufoundation/shentu/v2/vm/utils.go:39.22,41.3 1 30
github.com/shentufoundation/shentu/v2/vm/utils.go:47.45,49.2 1 37
github.com/shentufoundation/shentu/v2/vm/utils.go:52.37,53.30 1 107624
github.com/shentufoundation/shentu/v2/vm/utils.go:56.2,56.25 1 107624
github.com/shentufoundation/shentu/v2/vm/utils.go:53.30,55.3 1 0
github.com/shentufoundation/shentu/v2/vm/utils.go:60.30,61.11 1 0
github.com/shentufoundation/shentu/v2/vm/utils.go:64.2,64.10 1 0
github.com/shentufoundation/shentu/v2/vm/utils.go:61.11,63.3 1 0
github.com/shentufoundation/shentu/v2/vm/utils.go:68.35,70.2 1 0
github.com/shentufoundation/shentu/v2/vm/vm.go:29.42,31.35 1 18
github.com/shentufoundation/shentu/v2/vm/vm.go:34.2,34.27 1 18
github.com/shentufoundation/shentu/v2/vm/vm.go:37.2,37.28 1 18
github.com/shentufoundation/shentu/v2/vm/vm.go:40.2,45.11 4 18
github.com/shentufoundation/shentu/v2/vm/vm.go:31.35,33.3 1 16
github.com/shentufoundation/shentu/v2/vm/vm.go:34.27,36.3 1 18
github.com/shentufoundation/shentu/v2/vm/vm.go:37.28,39.3 1 17
github.com/shentufoundation/shentu/v2/vm/vm.go:49.49,56.2 2 31
github.com/shentufoundation/shentu/v2/vm/vm.go:62.57,74.16 4 3533
github.com/shentufoundation/shentu/v2/vm/vm.go:79.2,79.20 1 3533
github.com/shentufoundation/shentu/v2/vm/vm.go:74.16,77.3 1 3434
github.com/shentufoundation/shentu/v2/vm/vm.go:84.39,87.2 2 0
github.com/shentufoundation/shentu/v2/vm/vm.go:90.50,92.2 1 0
github.com/shentufoundation/shentu/v2/vm/vm.go:95.59,97.51 1 17
github.com/shentufoundation/shentu/v2/vm/vm.go:100.2,100.33 1 17
github.com/shentufoundation/shentu/v2/vm/vm.go:97.51,99.3 1 0
github.com/shentufoundation/shentu/v2/vm/vm.go:104.51,109.2 1 3553
github.com/shentufoundation/shentu/v2/vm/vm.go:111.56,112.29 1 1225542
github.com/shentufoundation/shentu/v2/vm/vm.go:112.29,114.3 1 524
github.com/shentufoundation/shentu/v2/vm/contract.go:31.90,33.2 1 3553
github.com/shentufoundation/shentu/v2/vm/contract.go:36.90,40.21 2 3553
github.com/shentufoundation/shentu/v2/vm/contract.go:44.2,44.26 1 3437
github.com/shentufoundation/shentu/v2/vm/contract.go:49.2,67.6 7 3437
github.com/shentufoundation/shentu/v2/vm/contract.go:40.21,42.3 1 116
github.com/shentufoundation/shentu/v2/vm/contract.go:44.26,46.3 1 0
github.com/shentufoundation/shentu/v2/vm/contract.go:67.6,69.27 1 609619
github.com/shentufoundation/shentu/v2/vm/contract.go:73.3,82.20 4 609521
github.com/shentufoundation/shentu/v2/vm/contract.go:86.3,86.13 1 609511
github.com/shentufoundation/shentu/v2/vm/contract.go:773.3,773.7 1 577390
github.com/shentufoundation/shentu/v2/vm/contract.go:69.27,71.4 1 98
github.com/shentufoundation/shentu/v2/vm/contract.go:82.20,84.4 1 10
github.com/shentufoundation/shentu/v2/vm/contract.go:88.12,92.52 4 40545
github.com/shentufoundation/shentu/v2/vm/contract.go:94.12,98.53 4 13
github.com/shentufoundation/shentu/v2/vm/contract.go:100.12,104.53 4 8936
github.com/shentufoundation/shentu/v2/vm/contract.go:106.12,108.21 2 17
github.com/shentufoundation/shentu/v2/vm/contract.go:117.13,119.21 2 12
github.com/shentufoundation/shentu/v2/vm/contract.go:128.12,130.21 2 7
github.com/shentufoundation/shentu/v2/vm/contract.go:139.13,141.21 2 11
github.com/shentufoundation/shentu/v2/vm/contract.go:150.15,152.21 2 12
github.com/shentufoundation/shentu/v2/vm/contract.go:162.15,164.21 2 9
github.com/shentufoundation/shentu/v2/vm/contract.go:174.12,178.53 4 12
github.com/shentufoundation/shentu/v2/vm/contract.go:180.19,182.29 2 11
github.com/shentufoundation/shentu/v2/vm/contract.go:189.11,191.20 2 5909
github.com/shentufoundation/shentu/v2/vm/contract.go:199.11,201.20 2 6
github.com/shentufoundation/shentu/v2/vm/contract.go:209.12,211.20 2 3864
github.com/shentufoundation/shentu/v2/vm/contract.go:219.12,221.20 2 7
github.com/shentufoundation/shentu/v2/vm/contract.go:229.11,231.31 2 5914
github.com/shentufoundation/shentu/v2/vm/contract.go:239.15,241.18 2 12723
github.com/shentufoundation/shentu/v2/vm/contract.go:249.12,252.28 3 23
github.com/shentufoundation/shentu/v2/vm/contract.go:255.4,256.40 2 23
github.com/shentufoundation/shentu/v2/vm/contract.go:258.11,261.28 3 6
github.com/shentufoundation/shentu/v2/vm/contract.go:264.4,265.40 2 6
github.com/shentufoundation/shentu/v2/vm/contract.go:267.12,270.28 3 6
github.com/shentufoundation/shentu/v2/vm/contract.go:273.4,274.40 2 6
github.com/shentufoundation/shentu/v2/vm/contract.go:276.12,279.28 3 6
github.com/shentufoundation/shentu/v2/vm/contract.go:282.4,283.33 2 6
github.com/shentufoundation/shentu/v2/vm/contract.go:285.13,289.16 4 6
github.com/shentufoundation/shentu/v2/vm/contract.go:292.4,293.31 2 6
github.com/shentufoundation/shentu/v2/vm/contract.go:295.12,298.30 2 10
github.com/shentufoundation/shentu/v2/vm/contract.go:308.12,311.30 2 2960
github.com/shentufoundation/shentu/v2/vm/contract.go:321.12,324.30 2 11
github.com/shentufoundation/shentu/v2/vm/contract.go:337.13,343.41 6 11
github.com/shentufoundation/shentu/v2/vm/contract.go:345.16,347.39 2 4
github.com/shentufoundation/shentu/v2/vm/contract.go:349.16,354.47 5 0
github.com/shentufoundation/shentu/v2/vm/contract.go:356.15,358.39 2 1
github.com/shentufoundation/shentu/v2/vm/contract.go:360.15,362.39 2 10
github.com/shentufoundation/shentu/v2/vm/contract.go:364.18,366.38 2 2963
github.com/shentufoundation/shentu/v2/vm/contract.go:368.21,373.31 5 14767
github.com/shentufoundation/shentu/v2/vm/contract.go:375.21,377.43 2 5908
github.com/shentufoundation/shentu/v2/vm/contract.go:379.21,385.69 6 6
github.com/shentufoundation/shentu/v2/vm/contract.go:387.17,390.27 3 1
github.com/shentufoundation/shentu/v2/vm/contract.go:392.17,398.68 6 7
github.com/shentufoundation/shentu/v2/vm/contract.go:400.28,402.58 2 1
github.com/shentufoundation/shentu/v2/vm/contract.go:404.20,408.18 4 0
github.com/shentufoundation/shentu/v2/vm/contract.go:416.20,420.18 4 0
github.com/shentufoundation/shentu/v2/vm/contract.go:432.23,434.41 2 3
github.com/shentufoundation/shentu/v2/vm/contract.go:436.23,440.67 3 1
github.com/shentufoundation/shentu/v2/vm/contract.go:445.4,446.76 2 1
github.com/shentufoundation/shentu/v2/vm/contract.go:448.20,452.18 3 4
github.com/shentufoundation/shentu/v2/vm/contract.go:466.18,470.38 3 4
github.com/shentufoundation/shentu/v2/vm/contract.go:484.17,486.56 2 1
github.com/shentufoundation/shentu/v2/vm/contract.go:488.18,491.35 3 1
github.com/shentufoundation/shentu/v2/vm/contract.go:493.20,496.32 3 26
github.com/shentufoundation/shentu/v2/vm/contract.go:498.19,501.32 2 1
github.com/shentufoundation/shentu/v2/vm/contract.go:503.17,505.37 2 4
github.com/shentufoundation/shentu/v2/vm/contract.go:507.16,510.28 3 0
github.com/shentufoundation/shentu/v2/vm/contract.go:512.12,514.34 2 47239
github.com/shentufoundation/shentu/v2/vm/contract.go:516.14,520.47 4 19598
github.com/shentufoundation/shentu/v2/vm/contract.go:522.15,525.47 3 27883
github.com/shentufoundation/shentu/v2/vm/contract.go:527.16,532.44 5 12
github.com/shentufoundation/shentu/v2/vm/contract.go:534.14,538.60 4 49
github.com/shentufoundation/shentu/v2/vm/contract.go:540.15,544.57 4 66
github.com/shentufoundation/shentu/v2/vm/contract.go:546.13,549.12 3 16941
github.com/shentufoundation/shentu/v2/vm/contract.go:551.14,554.22 3 21619
github.com/shentufoundation/shentu/v2/vm/contract.go:561.11,562.20 1 6
github.com/shentufoundation/shentu/v2/vm/contract.go:564.14,570.36 3 63
github.com/shentufoundation/shentu/v2/vm/contract.go:572.12,574.36 2 2953
github.com/shentufoundation/shentu/v2/vm/contract.go:576.17,577.18 1 28823
github.com/shentufoundation/shentu/v2/vm/contract.go:580.254,586.31 6 155970
github.com/shentufoundation/shentu/v2/vm/contract.go:588.110,591.48 3 91581
github.com/shentufoundation/shentu/v2/vm/contract.go:593.126,596.46 3 85641
github.com/shentufoundation/shentu/v2/vm/contract.go:598.37,602.27 4 6
github.com/shentufoundation/shentu/v2/vm/contract.go:605.4,611.45 3 6
github.com/shentufoundation/shentu/v2/vm/contract.go:613.24,623.20 7 3
github.com/shentufoundation/shentu/v2/vm/contract.go:636.4,636.104 1 3
github.com/shentufoundation/shentu/v2/vm/contract.go:641.4,661.22 5 3
github.com/shentufoundation/shentu/v2/vm/contract.go:673.49,676.94 2 2968
github.com/shentufoundation/shentu/v2/vm/contract.go:680.4,688.46 4 2968
github.com/shentufoundation/shentu/v2/vm/contract.go:692.4,707.18 7 2968
github.com/shentufoundation/shentu/v2/vm/contract.go:716.4,717.75 2 2968
github.com/shentufoundation/shentu/v2/vm/contract.go:725.4,727.59 2 2968
github.com/shentufoundation/shentu/v2/vm/contract.go:729.15,733.32 4 3302
github.com/shentufoundation/shentu/v2/vm/contract.go:735.15,740.32 5 1
github.com/shentufoundation/shentu/v2/vm/contract.go:742.16,744.29 2 1
github.com/shentufoundation/shentu/v2/vm/contract.go:746.21,749.63 3 3
github.com/shentufoundation/shentu/v2/vm/contract.go:756.4,757.98 2 2
github.com/shentufoundation/shentu/v2/vm/contract.go:760.4,762.29 3 2
github.com/shentufoundation/shentu/v2/vm/contract.go:764.13,766.29 2 23
github.com/shentufoundation/shentu/v2/vm/contract.go:768.11,771.29 3 0
github.com/shentufoundation/shentu/v2/vm/contract.go:108.21,111.5 2 3
github.com/shentufoundation/shentu/v2/vm/contract.go:111.10,115.5 3 14
github.com/shentufoundation/shentu/v2/vm/contract.go:119.21,122.5 2 1
github.com/shentufoundation/shentu/v2/vm/contract.go:122.10,126.5 3 11
github.com/shentufoundation/shentu/v2/vm/contract.go:130.21,133.5 2 1
github.com/shentufoundation/shentu/v2/vm/contract.go:133.10,137.5 3 6
github.com/shentufoundation/shentu/v2/vm/contract.go:141.21,144.5 2 2
github.com/shentufoundation/shentu/v2/vm/contract.go:144.10,148.5 3 9
github.com/shentufoundation/shentu/v2/vm/contract.go:152.21,155.5 2 1
github.com/shentufoundation/shentu/v2/vm/contract.go:155.10,160.5 4 11
github.com/shentufoundation/shentu/v2/vm/contract.go:164.21,167.5 2 1
github.com/shentufoundation/shentu/v2/vm/contract.go:167.10,172.5 4 8
github.com/shentufoundation/shentu/v2/vm/contract.go:182.29,185.5 2 7
github.com/shentufoundation/shentu/v2/vm/contract.go:191.20,194.5 2 2
github.com/shentufoundation/shentu/v2/vm/contract.go:194.10,197.5 2 5907
github.com/shentufoundation/shentu/v2/vm/contract.go:201.20,204.5 2 4
github.com/shentufoundation/shentu/v2/vm/contract.go:204.10,207.5 2 2
github.com/shentufoundation/shentu/v2/vm/contract.go:211.20,214.5 2 3859
github.com/shentufoundation/shentu/v2/vm/contract.go:214.10,217.5 2 5
github.com/shentufoundation/shentu/v2/vm/contract.go:221.20,224.5 2 4
github.com/shentufoundation/shentu/v2/vm/contract.go:224.10,227.5 2 3
github.com/shentufoundation/shentu/v2/vm/contract.go:231.31,234.5 2 5910
github.com/shentufoundation/shentu/v2/vm/contract.go:234.10,237.5 2 4
github.com/shentufoundation/shentu/v2/vm/contract.go:241.18,244.5 2 5913
github.com/shentufoundation/shentu/v2/vm/contract.go:244.10,247.5 2 6810
github.com/shentufoundation/shentu/v2/vm/contract.go:252.28,254.5 1 736
github.com/shentufoundation/shentu/v2/vm/contract.go:261.28,263.5 1 192
github.com/shentufoundation/shentu/v2/vm/contract.go:270.28,272.5 1 192
github.com/shentufoundation/shentu/v2/vm/contract.go:279.28,281.5 1 192
github.com/shentufoundation/shentu/v2/vm/contract.go:289.16,291.5 1 6
github.com/shentufoundation/shentu/v2/vm/contract.go:298.30,302.5 3 3
github.com/shentufoundation/shentu/v2/vm/contract.go:302.10,306.5 3 7
github.com/shentufoundation/shentu/v2/vm/contract.go:311.30,315.5 3 3
github.com/shentufoundation/shentu/v2/vm/contract.go:315.10,319.5 3 2957
github.com/shentufoundation/shentu/v2/vm/contract.go:324.30,326.21 2 3
github.com/shentufoundation/shentu/v2/vm/contract.go:329.5,330.50 2 3
github.com/shentufoundation/shentu/v2/vm/contract.go:326.21,328.6 1 2
github.com/shentufoundation/shentu/v2/vm/contract.go:331.10,335.5 3 8
github.com/shentufoundation/shentu/v2/vm/contract.go:408.18,411.5 2 0
github.com/shentufoundation/shentu/v2/vm/contract.go:411.10,415.5 3 0
github.com/shentufoundation/shentu/v2/vm/contract.go:420.18,422.5 1 0
github.com/shentufoundation/shentu/v2/vm/contract.go:422.10,430.5 7 0
github.com/shentufoundation/shentu/v2/vm/contract.go:440.67,442.13 2 0
github.com/shentufoundation/shentu/v2/vm/contract.go:452.18,455.5 1 1
github.com/shentufoundation/shentu/v2/vm/contract.go:455.10,458.30 2 3
github.com/shentufoundation/shentu/v2/vm/contract.go:463.5,463.28 1 3
github.com/shentufoundation/shentu/v2/vm/contract.go:458.30,460.6 1 1
github.com/shentufoundation/shentu/v2/vm/contract.go:460.11,462.6 1 2
github.com/shentufoundation/shentu/v2/vm/contract.go:470.38,473.5 2 2
github.com/shentufoundation/shentu/v2/vm/contract.go:473.10,473.72 1 2
github.com/shentufoundation/shentu/v2/vm/contract.go:473.72,477.5 2 1
github.com/shentufoundation/shentu/v2/vm/contract.go:477.10,482.5 4 1
github.com/shentufoundation/shentu/v2/vm/contract.go:554.22,556.13 2 11850
github.com/shentufoundation/shentu/v2/vm/contract.go:557.10,559.5 1 9769
github.com/shentufoundation/shentu/v2/vm/contract.go:602.27,604.5 1 14
github.com/shentufoundation/shentu/v2/vm/contract.go:623.20,629.5 5 2
github.com/shentufoundation/shentu/v2/vm/contract.go:629.10,629.28 1 1
github.com/shentufoundation/shentu/v2/vm/contract.go:629.28,633.5 3 1
github.com/shentufoundation/shentu/v2/vm/contract.go:636.104,637.13 1 0
github.com/shentufoundation/shentu/v2/vm/contract.go:661.22,666.5 2 0
github.com/shentufoundation/shentu/v2/vm/contract.go:666.10,671.5 3 3
github.com/shentufoundation/shentu/v2/vm/contract.go:676.94,677.13 1 0
github.com/shentufoundation/shentu/v2/vm/contract.go:688.46,690.5 1 2958
github.com/shentufoundation/shentu/v2/vm/contract.go:707.18,712.5 2 15
github.com/shentufoundation/shentu/v2/vm/contract.go:712.10,714.5 1 2953
github.com/shentufoundation/shentu/v2/vm/contract.go:717.75,719.5 1 2953
github.com/shentufoundation/shentu/v2/vm/contract.go:719.10,721.5 1 15
github.com/shentufoundation/shentu/v2/vm/contract.go:749.63,752.77 2 2
github.com/shentufoundation/shentu/v2/vm/contract.go:752.77,753.14 1 1
github.com/shentufoundation/shentu/v2/vm/contract.go:757.98,759.5 1 2
github.com/shentufoundation/shentu/v2/vm/contract.go:777.57,779.42 2 28791
github.com/shentufoundation/shentu/v2/vm/contract.go:783.2,785.12 3 28731
github.com/shentufoundation/shentu/v2/vm/contract.go:779.42,782.3 2 60
github.com/shentufoundation/shentu/v2/vm/contract.go:789.128,791.42 2 609521
github.com/shentufoundation/shentu/v2/vm/contract.go:795.2,796.37 2 53888
github.com/shentufoundation/shentu/v2/vm/contract.go:808.2,809.17 2 53888
github.com/shentufoundation/shentu/v2/vm/contract.go:812.2,813.39 2 53888
github.com/shentufoundation/shentu/v2/vm/contract.go:819.2,819.12 1 53888
github.com/shentufoundation/shentu/v2/vm/contract.go:791.42,793.3 1 555633
github.com/shentufoundation/shentu/v2/vm/contract.go:796.37,799.64 2 53807
github.com/shentufoundation/shentu/v2/vm/contract.go:803.3,803.49 1 53807
github.com/shentufoundation/shentu/v2/vm/contract.go:799.64,801.4 1 0
github.com/shentufoundation/shentu/v2/vm/contract.go:803.49,805.4 1 0
github.com/shentufoundation/shentu/v2/vm/contract.go:809.17,811.3 1 0
github.com/shentufoundation/shentu/v2/vm/contract.go:813.39,815.25 2 21091
github.com/shentufoundation/shentu/v2/vm/contract.go:815.25,816.9 1 6
github.com/shentufoundation/shentu/v2/vm/contract.go:827.67,829.19 2 171751
github.com/shentufoundation/shentu/v2/vm/contract.go:833.2,833.26 1 171301
github.com/shentufoundation/shentu/v2/vm/contract.go:839.2,839.42 1 170959
github.com/shentufoundation/shentu/v2/vm/contract.go:829.19,832.3 1 450
github.com/shentufoundation/shentu/v2/vm/contract.go:833.26,838.3 3 342
github.com/shentufoundation/shentu/v2/vm/contract.go:843.75,846.16 3 0
github.com/shentufoundation/shentu/v2/vm/contract.go:851.2,852.21 2 0
github.com/shentufoundation/shentu/v2/vm/contract.go:855.2,856.34 2 0
github.com/shentufoundation/shentu/v2/vm/contract.go:859.2,860.34 2 0
github.com/shentufoundation/shentu/v2/vm/contract.go:863.2,864.30 1 0
github.com/shentufoundation/shentu/v2/vm/contract.go:846.16,848.3 1 0
github.com/shentufoundation/shentu/v2/vm/contract.go:848.8,850.3 1 0
github.com/shentufoundation/shentu/v2/vm/contract.go:852.21,854.3 1 0
github.com/shentufoundation/shentu/v2/vm/contract.go:856.34,858.3 1 0
github.com/shentufoundation/shentu/v2/vm/contract.go:860.34,862.3 1 0
github.com/shentufoundation/shentu/v2/vm/contract.go:867.55,869.18 2 1
github.com/shentufoundation/shentu/v2/vm/contract.go:876.2,876.13 1 1
github.com/shentufoundation/shentu/v2/vm/contract.go:869.18,872.17 2 1
github.com/shentufoundation/shentu/v2/vm/contract.go:872.17,874.4 1 0
github.com/shentufoundation/shentu/v2/vm/contract.go:879.49,880.11 1 2968
github.com/shentufoundation/shentu/v2/vm/contract.go:881.12,882.27 1 2958
github.com/shentufoundation/shentu/v2/vm/contract.go:883.16,884.27 1 0
github.com/shentufoundation/shentu/v2/vm/contract.go:885.18,886.29 1 10
github.com/shentufoundation/shentu/v2/vm/contract.go:887.20,888.31 1 0
github.com/shentufoundation/shentu/v2/vm/contract.go:889.10,890.30 1 0
github.com/shentufoundation/shentu/v2/vm/gas.go:77.68,78.21 1 53807
github.com/shentufoundation/shentu/v2/vm/gas.go:86.2,86.31 1 53785
github.com/shentufoundation/shentu/v2/vm/gas.go:89.2,92.43 3 53785
github.com/shentufoundation/shentu/v2/vm/gas.go:95.2,103.17 7 21091
github.com/shentufoundation/shentu/v2/vm/gas.go:78.21,80.3 1 22
github.com/shentufoundation/shentu/v2/vm/gas.go:86.31,88.3 1 0
github.com/shentufoundation/shentu/v2/vm/gas.go:92.43,94.3 1 32694
github.com/shentufoundation/shentu/v2/vm/gas.go:107.82,109.16 2 2971
github.com/shentufoundation/shentu/v2/vm/gas.go:113.2,114.8 2 2971
github.com/shentufoundation/shentu/v2/vm/gas.go:118.2,118.17 1 2971
github.com/shentufoundation/shentu/v2/vm/gas.go:109.16,111.3 1 0
github.com/shentufoundation/shentu/v2/vm/gas.go:114.8,116.3 1 0
github.com/shentufoundation/shentu/v2/vm/gas.go:122.101,124.16 2 27
github.com/shentufoundation/shentu/v2/vm/gas.go:128.2,130.48 3 27
github.com/shentufoundation/shentu/v2/vm/gas.go:133.2,133.56 1 27
github.com/shentufoundation/shentu/v2/vm/gas.go:136.2,136.39 1 27
github.com/shentufoundation/shentu/v2/vm/gas.go:139.2,139.17 1 27
github.com/shentufoundation/shentu/v2/vm/gas.go:124.16,126.3 1 0
github.com/shentufoundation/shentu/v2/vm/gas.go:130.48,132.3 1 0
github.com/shentufoundation/shentu/v2/vm/gas.go:133.56,135.3 1 0
github.com/shentufoundation/shentu/v2/vm/gas.go:136.39,138.3 1 0
github.com/shentufoundation/shentu/v2/vm/gas.go:142.131,144.2 1 50803
github.com/shentufoundation/shentu/v2/vm/gas.go:146.43,147.124 1 2
github.com/shentufoundation/shentu/v2/vm/gas.go:147.124,149.3 1 11
github.com/shentufoundation/shentu/v2/vm/gas.go:152.65,153.124 1 6
github.com/shentufoundation/shentu/v2/vm/gas.go:153.124,155.3 1 27
github.com/shentufoundation/shentu/v2/vm/gas.go:177.35,178.124 1 5
github.com/shentufoundation/shentu/v2/vm/gas.go:178.124,180.9 2 6
github.com/shentufoundation/shentu/v2/vm/gas.go:184.3,185.17 2 6
github.com/shentufoundation/shentu/v2/vm/gas.go:188.3,188.41 1 6
github.com/shentufoundation/shentu/v2/vm/gas.go:191.3,191.48 1 6
github.com/shentufoundation/shentu/v2/vm/gas.go:195.3,196.9 2 6
github.com/shentufoundation/shentu/v2/vm/gas.go:199.3,199.48 1 6
github.com/shentufoundation/shentu/v2/vm/gas.go:202.3,202.18 1 6
github.com/shentufoundation/shentu/v2/vm/gas.go:180.9,182.4 1 0
github.com/shentufoundation/shentu/v2/vm/gas.go:185.17,187.4 1 0
github.com/shentufoundation/shentu/v2/vm/gas.go:188.41,190.4 1 0
github.com/shentufoundation/shentu/v2/vm/gas.go:191.48,193.4 1 0
github.com/shentufoundation/shentu/v2/vm/gas.go:196.9,198.4 1 0
github.com/shentufoundation/shentu/v2/vm/gas.go:199.48,201.4 1 0
github.com/shentufoundation/shentu/v2/vm/gas.go:206.123,211.8 4 12
github.com/shentufoundation/shentu/v2/vm/gas.go:214.2,214.17 1 12
github.com/shentufoundation/shentu/v2/vm/gas.go:211.8,213.3 1 0
github.com/shentufoundation/shentu/v2/vm/gas.go:217.124,225.34 3 2960
github.com/shentufoundation/shentu/v2/vm/gas.go:228.2,228.20 1 2960
github.com/shentufoundation/shentu/v2/vm/gas.go:231.2,231.40 1 2960
github.com/shentufoundation/shentu/v2/vm/gas.go:225.34,227.3 1 0
github.com/shentufoundation/shentu/v2/vm/gas.go:228.20,230.3 1 6
github.com/shentufoundation/shentu/v2/vm/gas.go:234.128,236.31 2 0
github.com/shentufoundation/shentu/v2/vm/gas.go:239.2,239.40 1 0
github.com/shentufoundation/shentu/v2/vm/gas.go:236.31,238.3 1 0
github.com/shentufoundation/shentu/v2/vm/gas.go:242.126,254.9 2 66
github.com/shentufoundation/shentu/v2/vm/gas.go:255.75,256.27 1 1
github.com/shentufoundation/shentu/v2/vm/gas.go:257.76,259.29 2 1
github.com/shentufoundation/shentu/v2/vm/gas.go:262.39,263.31 1 31
github.com/shentufoundation/shentu/v2/vm/gas.go:264.10,265.29 1 33
github.com/shentufoundation/shentu/v2/vm/gas.go:271.132,278.16 4 3
github.com/shentufoundation/shentu/v2/vm/gas.go:281.2,281.16 1 3
github.com/shentufoundation/shentu/v2/vm/gas.go:284.2,286.25 3 3
github.com/shentufoundation/shentu/v2/vm/gas.go:289.2,289.17 1 3
github.com/shentufoundation/shentu/v2/vm/gas.go:278.16,280.3 1 2
github.com/shentufoundation/shentu/v2/vm/gas.go:281.16,283.3 1 0
github.com/shentufoundation/shentu/v2/vm/gas.go:286.25,288.3 1 0
github.com/shentufoundation/shentu/v2/vm/memory.go:11.56,12.12 1 53808
github.com/shentufoundation/shentu/v2/vm/memory.go:13.57,14.28 1 3322
github.com/shentufoundation/shentu/v2/vm/memory.go:15.64,16.28 1 14
github.com/shentufoundation/shentu/v2/vm/memory.go:17.25,18.28 1 0
github.com/shentufoundation/shentu/v2/vm/memory.go:19.33,20.33 1 47484
github.com/shentufoundation/shentu/v2/vm/memory.go:21.21,22.32 1 13
github.com/shentufoundation/shentu/v2/vm/memory.go:23.35,24.28 1 4
github.com/shentufoundation/shentu/v2/vm/memory.go:25.18,26.38 1 2960
github.com/shentufoundation/shentu/v2/vm/memory.go:27.44,28.38 1 11
github.com/shentufoundation/shentu/v2/vm/memory.go:29.10,30.18 1 0
github.com/shentufoundation/shentu/v2/vm/memory.go:35.52,36.19 1 9291
github.com/shentufoundation/shentu/v2/vm/memory.go:39.2,39.47 1 9291
github.com/shentufoundation/shentu/v2/vm/memory.go:36.19,38.3 1 0
github.com/shentufoundation/shentu/v2/vm/memory.go:45.74,47.19 1 56791
github.com/shentufoundation/shentu/v2/vm/memory.go:51.2,51.21 1 56747
github.com/shentufoundation/shentu/v2/vm/memory.go:54.2,57.28 3 56747
github.com/shentufoundation/shentu/v2/vm/memory.go:47.19,49.3 1 44
github.com/shentufoundation/shentu/v2/vm/memory.go:51.21,53.3 1 0
github.com/shentufoundation/shentu/v2/vm/memory.go:61.51,63.2 1 3343
github.com/shentufoundation/shentu/v2/vm/memory.go:66.62,68.2 1 47500
github.com/shentufoundation/shentu/v2/vm/memory.go:71.61,73.14 2 2974
github.com/shentufoundation/shentu/v2/vm/memory.go:76.2,77.14 2 2974
github.com/shentufoundation/shentu/v2/vm/memory.go:80.2,80.11 1 2974
github.com/shentufoundation/shentu/v2/vm/memory.go:83.2,83.17 1 2966
github.com/shentufoundation/shentu/v2/vm/memory.go:73.14,75.3 1 0
github.com/shentufoundation/shentu/v2/vm/memory.go:77.14,79.3 1 0
github.com/shentufoundation/shentu/v2/vm/memory.go:80.11,82.3 1 8
github.com/shentufoundation/shentu/v2/app/test_helpers.go:26.53,28.2 1 2
github.com/shentufoundation/shentu/v2/app/test_helpers.go:30.39,33.16 3 0
github.com/shentufoundation/shentu/v2/app/test_helpers.go:51.2,51.12 1 0
github.com/shentufoundation/shentu/v2/app/test_helpers.go:33.16,37.17 3 0
github.com/shentufoundation/shentu/v2/app/test_helpers.go:42.3,48.4 1 0
github.com/shentufoundation/shentu/v2/app/test_helpers.go:37.17,38.14 1 0
github.com/shentufoundation/shentu/v2/app/test_helpers.go:56.97,58.30 2 0
github.com/shentufoundation/shentu/v2/app/test_helpers.go:62.2,65.33 2 0
github.com/shentufoundation/shentu/v2/app/test_helpers.go:70.2,70.18 1 0
github.com/shentufoundation/shentu/v2/app/test_helpers.go:58.30,60.3 1 0
github.com/shentufoundation/shentu/v2/app/test_helpers.go:65.33,66.75 1 0
github.com/shentufoundation/shentu/v2/app/test_helpers.go:66.75,67.14 1 0
github.com/shentufoundation/shentu/v2/app/test_helpers.go:74.109,78.33 2 0
github.com/shentufoundation/shentu/v2/app/test_helpers.go:78.33,80.110 1 0
github.com/shentufoundation/shentu/v2/app/test_helpers.go:80.110,81.14 1 0
github.com/shentufoundation/shentu/v2/app/test_helpers.go:87.61,92.44 3 0
github.com/shentufoundation/shentu/v2/app/test_helpers.go:100.2,100.19 1 0
github.com/shentufoundation/shentu/v2/app/test_helpers.go:92.44,98.3 5 0
github.com/shentufoundation/shentu/v2/app/test_helpers.go:104.59,106.16 2 0
github.com/shentufoundation/shentu/v2/app/test_helpers.go:109.2,109.40 1 0
github.com/shentufoundation/shentu/v2/app/test_helpers.go:112.2,112.38 1 0
github.com/shentufoundation/shentu/v2/app/test_helpers.go:106.16,107.13 1 0
github.com/shentufoundation/shentu/v2/app/test_helpers.go:109.40,110.69 1 0
github.com/shentufoundation/shentu/v2/app/test_helpers.go:115.111,116.81 1 0
github.com/shentufoundation/shentu/v2/app/test_helpers.go:120.2,120.90 1 0
github.com/shentufoundation/shentu/v2/app/test_helpers.go:116.81,118.3 1 0
github.com/shentufoundation/shentu/v2/app/upgrade_handler.go:29.42,32.102 1 2
github.com/shentufoundation/shentu/v2/app/upgrade_handler.go:90.2,91.16 2 2
github.com/shentufoundation/shentu/v2/app/upgrade_handler.go:95.2,95.92 1 2
github.com/shentufoundation/shentu/v2/app/upgrade_handler.go:32.102,71.24 7 0
github.com/shentufoundation/shentu/v2/app/upgrade_handler.go:74.4,86.29 9 0
github.com/shentufoundation/shentu/v2/app/upgrade_handler.go:71.24,72.74 1 0
github.com/shentufoundation/shentu/v2/app/upgrade_handler.go:91.16,92.70 1 0
github.com/shentufoundation/shentu/v2/app/upgrade_handler.go:95.92,102.3 2 0
github.com/shentufoundation/shentu/v2/app/upgrade_handler.go:105.57,114.51 5 0
github.com/shentufoundation/shentu/v2/app/upgrade_handler.go:118.2,119.24 2 0
github.com/shentufoundation/shentu/v2/app/upgrade_handler.go:124.2,125.54 2 0
github.com/shentufoundation/shentu/v2/app/upgrade_handler.go:130.2,131.51 2 0
github.com/shentufoundation/shentu/v2/app/upgrade_handler.go:136.2,143.36 4 0
github.com/shentufoundation/shentu/v2/app/upgrade_handler.go:114.51,116.3 1 0
github.com/shentufoundation/shentu/v2/app/upgrade_handler.go:119.24,120.66 1 0
github.com/shentufoundation/shentu/v2/app/upgrade_handler.go:125.54,127.3 1 0
github.com/shentufoundation/shentu/v2/app/upgrade_handler.go:131.51,133.3 1 0
github.com/shentufoundation/shentu/v2/app/upgrade_handler.go:143.36,148.3 3 0
github.com/shentufoundation/shentu/v2/app/upgrade_handler.go:148.8,153.29 4 0
github.com/shentufoundation/shentu/v2/app/upgrade_handler.go:163.3,164.29 2 0
github.com/shentufoundation/shentu/v2/app/upgrade_handler.go:167.3,176.74 10 0
github.com/shentufoundation/shentu/v2/app/upgrade_handler.go:153.29,162.4 7 0
github.com/shentufoundation/shentu/v2/app/upgrade_handler.go:164.29,165.119 1 0
github.com/shentufoundation/shentu/v2/app/app.go:238.149,623.16 68 2
github.com/shentufoundation/shentu/v2/app/app.go:626.2,633.16 6 2
github.com/shentufoundation/shentu/v2/app/app.go:638.2,642.12 4 2
github.com/shentufoundation/shentu/v2/app/app.go:623.16,625.3 1 0
github.com/shentufoundation/shentu/v2/app/app.go:633.16,634.49 1 2
github.com/shentufoundation/shentu/v2/app/app.go:634.49,636.4 1 0
github.com/shentufoundation/shentu/v2/app/app.go:646.37,646.66 1 0
github.com/shentufoundation/shentu/v2/app/app.go:649.105,652.2 2 0
github.com/shentufoundation/shentu/v2/app/app.go:655.99,657.2 1 0
github.com/shentufoundation/shentu/v2/app/app.go:660.102,662.75 2 1
github.com/shentufoundation/shentu/v2/app/app.go:665.2,666.60 2 1
github.com/shentufoundation/shentu/v2/app/app.go:662.75,663.13 1 0
github.com/shentufoundation/shentu/v2/app/app.go:672.53,675.2 2 0
github.com/shentufoundation/shentu/v2/app/app.go:678.54,680.2 1 0
github.com/shentufoundation/shentu/v2/app/app.go:683.60,685.29 2 4
github.com/shentufoundation/shentu/v2/app/app.go:689.2,689.20 1 4
github.com/shentufoundation/shentu/v2/app/app.go:685.29,687.3 1 44
github.com/shentufoundation/shentu/v2/app/app.go:696.56,698.2 1 0
github.com/shentufoundation/shentu/v2/app/app.go:703.75,706.2 2 28
github.com/shentufoundation/shentu/v2/app/app.go:709.43,711.2 1 0
github.com/shentufoundation/shentu/v2/app/app.go:714.67,716.2 1 0
github.com/shentufoundation/shentu/v2/app/app.go:719.69,721.2 1 0
github.com/shentufoundation/shentu/v2/app/app.go:724.55,726.2 1 0
github.com/shentufoundation/shentu/v2/app/app.go:731.63,733.2 1 0
github.com/shentufoundation/shentu/v2/app/app.go:738.71,740.2 1 0
github.com/shentufoundation/shentu/v2/app/app.go:745.70,747.2 1 0
github.com/shentufoundation/shentu/v2/app/app.go:750.53,752.2 1 0
github.com/shentufoundation/shentu/v2/app/app.go:756.89,771.23 8 0
github.com/shentufoundation/shentu/v2/app/app.go:771.23,773.3 1 0
github.com/shentufoundation/shentu/v2/app/app.go:777.67,779.2 1 0
github.com/shentufoundation/shentu/v2/app/app.go:782.75,784.2 1 0
github.com/shentufoundation/shentu/v2/app/app.go:787.49,789.2 1 2
github.com/shentufoundation/shentu/v2/app/app.go:792.62,794.16 2 0
github.com/shentufoundation/shentu/v2/app/app.go:798.2,799.82 2 0
github.com/shentufoundation/shentu/v2/app/app.go:794.16,795.13 1 0
github.com/shentufoundation/shentu/v2/app/app.go:803.127,822.2 16 2
github.com/shentufoundation/shentu/v2/app/config.go:25.37,49.2 2 0
github.com/shentufoundation/shentu/v2/app/config.go:51.82,52.61 1 0
github.com/shentufoundation/shentu/v2/app/config.go:52.61,59.3 1 0
github.com/shentufoundation/shentu/v2/app/encoding.go:10.49,17.2 6 1
github.com/shentufoundation/shentu/v2/app/export.go:18.128,25.19 3 2
github.com/shentufoundation/shentu/v2/app/export.go:30.2,32.16 3 2
github.com/shentufoundation/shentu/v2/app/export.go:36.2,37.16 2 2
github.com/shentufoundation/shentu/v2/app/export.go:41.2,46.8 1 2
github.com/shentufoundation/shentu/v2/app/export.go:25.19,28.3 2 1
github.com/shentufoundation/shentu/v2/app/export.go:32.16,34.3 1 0
github.com/shentufoundation/shentu/v2/app/export.go:37.16,39.3 1 0
github.com/shentufoundation/shentu/v2/app/export.go:53.92,57.31 2 1
github.com/shentufoundation/shentu/v2/app/export.go:61.2,63.40 2 1
github.com/shentufoundation/shentu/v2/app/export.go:74.2,74.98 1 1
github.com/shentufoundation/shentu/v2/app/export.go:83.2,84.34 2 1
github.com/shentufoundation/shentu/v2/app/export.go:92.2,102.98 5 1
github.com/shentufoundation/shentu/v2/app/export.go:114.2,114.27 1 1
github.com/shentufoundation/shentu/v2/app/export.go:120.2,125.103 2 1
github.com/shentufoundation/shentu/v2/app/export.go:134.2,134.117 1 1
github.com/shentufoundation/shentu/v2/app/export.go:144.2,148.34 4 1
github.com/shentufoundation/shentu/v2/app/export.go:164.2,167.16 3 1
github.com/shentufoundation/shentu/v2/app/export.go:174.2,176.83 1 1
github.com/shentufoundation/shentu/v2/app/export.go:57.31,59.3 1 0
github.com/shentufoundation/shentu/v2/app/export.go:63.40,65.17 2 0
github.com/shentufoundation/shentu/v2/app/export.go:68.3,68.31 1 0
github.com/shentufoundation/shentu/v2/app/export.go:65.17,67.4 1 0
github.com/shentufoundation/shentu/v2/app/export.go:74.98,76.63 2 0
github.com/shentufoundation/shentu/v2/app/export.go:79.3,79.15 1 0
github.com/shentufoundation/shentu/v2/app/export.go:76.63,77.14 1 0
github.com/shentufoundation/shentu/v2/app/export.go:84.34,86.17 2 0
github.com/shentufoundation/shentu/v2/app/export.go:86.17,87.14 1 0
github.com/shentufoundation/shentu/v2/app/export.go:102.98,111.3 6 0
github.com/shentufoundation/shentu/v2/app/export.go:114.27,117.3 2 0
github.com/shentufoundation/shentu/v2/app/export.go:125.103,126.30 1 0
github.com/shentufoundation/shentu/v2/app/export.go:129.3,130.15 2 0
github.com/shentufoundation/shentu/v2/app/export.go:126.30,128.4 1 0
github.com/shentufoundation/shentu/v2/app/export.go:134.117,135.30 1 0
github.com/shentufoundation/shentu/v2/app/export.go:138.3,139.15 2 0
github.com/shentufoundation/shentu/v2/app/export.go:135.30,137.4 1 0
github.com/shentufoundation/shentu/v2/app/export.go:148.34,151.13 3 0
github.com/shentufoundation/shentu/v2/app/export.go:155.3,156.59 2 0
github.com/shentufoundation/shentu/v2/app/export.go:160.3,161.12 2 0
github.com/shentufoundation/shentu/v2/app/export.go:151.13,152.42 1 0
github.com/shentufoundation/shentu/v2/app/export.go:156.59,158.4 1 0
github.com/shentufoundation/shentu/v2/app/export.go:167.16,169.3 1 0
github.com/shentufoundation/shentu/v2/app/export.go:176.83,180.4 3 0
github.com/shentufoundation/shentu/v2/app/forks.go:10.55,11.27 1 0
github.com/shentufoundation/shentu/v2/app/forks.go:12.25,13.80 1 0
github.com/shentufoundation/shentu/v2/app/forks.go:14.10,16.9 1 0
github.com/shentufoundation/shentu/v2/app/genesis.go:17.44,20.2 2 0
github.com/shentufoundation/shentu/v2/x/auth/types/tx.pb.go:41.37,41.57 1 0
github.com/shentufoundation/shentu/v2/x/auth/types/tx.pb.go:42.37,42.74 1 0
github.com/shentufoundation/shentu/v2/x/auth/types/tx.pb.go:43.38,43.39 0 0
github.com/shentufoundation/shentu/v2/x/auth/types/tx.pb.go:44.48,46.2 1 0
github.com/shentufoundation/shentu/v2/x/auth/types/tx.pb.go:47.51,49.2 1 0
github.com/shentufoundation/shentu/v2/x/auth/types/tx.pb.go:50.79,51.19 1 0
github.com/shentufoundation/shentu/v2/x/auth/types/tx.pb.go:51.19,53.3 1 0
github.com/shentufoundation/shentu/v2/x/auth/types/tx.pb.go:53.8,56.17 3 0
github.com/shentufoundation/shentu/v2/x/auth/types/tx.pb.go:59.3,59.20 1 0
github.com/shentufoundation/shentu/v2/x/auth/types/tx.pb.go:56.17,58.4 1 0
github.com/shentufoundation/shentu/v2/x/auth/types/tx.pb.go:62.50,64.2 1 0
github.com/shentufoundation/shentu/v2/x/auth/types/tx.pb.go:65.36,67.2 1 0
github.com/shentufoundation/shentu/v2/x/auth/types/tx.pb.go:68.42,70.2 1 0
github.com/shentufoundation/shentu/v2/x/auth/types/tx.pb.go:78.45,78.73 1 0
github.com/shentufoundation/shentu/v2/x/auth/types/tx.pb.go:79.45,79.82 1 0
github.com/shentufoundation/shentu/v2/x/auth/types/tx.pb.go:80.46,80.47 0 0
github.com/shentufoundation/shentu/v2/x/auth/types/tx.pb.go:81.56,83.2 1 0
github.com/shentufoundation/shentu/v2/x/auth/types/tx.pb.go:84.59,86.2 1 0
github.com/shentufoundation/shentu/v2/x/auth/types/tx.pb.go:87.87,88.19 1 0
github.com/shentufoundation/shentu/v2/x/auth/types/tx.pb.go:88.19,90.3 1 0
github.com/shentufoundation/shentu/v2/x/auth/types/tx.pb.go:90.8,93.17 3 0
github.com/shentufoundation/shentu/v2/x/auth/types/tx.pb.go:96.3,96.20 1 0
github.com/shentufoundation/shentu/v2/x/auth/types/tx.pb.go:93.17,95.4 1 0
github.com/shentufoundation/shentu/v2/x/auth/types/tx.pb.go:99.58,101.2 1 0
github.com/shentufoundation/shentu/v2/x/auth/types/tx.pb.go:102.44,104.2 1 0
github.com/shentufoundation/shentu/v2/x/auth/types/tx.pb.go:105.50,107.2 1 0
github.com/shentufoundation/shentu/v2/x/auth/types/tx.pb.go:111.13,114.2 2 1
github.com/shentufoundation/shentu/v2/x/auth/types/tx.pb.go:116.13,116.101 1 1
github.com/shentufoundation/shentu/v2/x/auth/types/tx.pb.go:167.50,169.2 1 0
github.com/shentufoundation/shentu/v2/x/auth/types/tx.pb.go:171.117,174.16 3 0
github.com/shentufoundation/shentu/v2/x/auth/types/tx.pb.go:177.2,177.17 1 0
github.com/shentufoundation/shentu/v2/x/auth/types/tx.pb.go:174.16,176.3 1 0
github.com/shentufoundation/shentu/v2/x/auth/types/tx.pb.go:191.104,193.2 1 0
github.com/shentufoundation/shentu/v2/x/auth/types/tx.pb.go:195.55,197.2 1 1
github.com/shentufoundation/shentu/v2/x/auth/types/tx.pb.go:199.155,201.32 2 3
github.com/shentufoundation/shentu/v2/x/auth/types/tx.pb.go:204.2,204.24 1 3
github.com/shentufoundation/shentu/v2/x/auth/types/tx.pb.go:207.2,211.77 2 3
github.com/shentufoundation/shentu/v2/x/auth/types/tx.pb.go:214.2,214.44 1 3
github.com/shentufoundation/shentu/v2/x/auth/types/tx.pb.go:201.32,203.3 1 0
github.com/shentufoundation/shentu/v2/x/auth/types/tx.pb.go:204.24,206.3 1 0
github.com/shentufoundation/shentu/v2/x/auth/types/tx.pb.go:211.77,213.3 1 0
github.com/shentufoundation/shentu/v2/x/auth/types/tx.pb.go:230.56,234.16 4 0
github.com/shentufoundation/shentu/v2/x/auth/types/tx.pb.go:237.2,237.22 1 0
github.com/shentufoundation/shentu/v2/x/auth/types/tx.pb.go:234.16,236.3 1 0
github.com/shentufoundation/shentu/v2/x/auth/types/tx.pb.go:240.57,243.2 2 0
github.com/shentufoundation/shentu/v2/x/auth/types/tx.pb.go:245.68,250.29 5 0
github.com/shentufoundation/shentu/v2/x/auth/types/tx.pb.go:264.2,264.24 1 0
github.com/shentufoundation/shentu/v2/x/auth/types/tx.pb.go:271.2,271.23 1 0
github.com/shentufoundation/shentu/v2/x/auth/types/tx.pb.go:278.2,278.27 1 0
github.com/shentufoundation/shentu/v2/x/auth/types/tx.pb.go:250.29,251.61 1 0
github.com/shentufoundation/shentu/v2/x/auth/types/tx.pb.go:251.61,252.4 1 0
github.com/shentufoundation/shentu/v2/x/auth/types/tx.pb.go:260.4,261.18 2 0
github.com/shentufoundation/shentu/v2/x/auth/types/tx.pb.go:252.4,254.19 2 0
github.com/shentufoundation/shentu/v2/x/auth/types/tx.pb.go:257.5,258.46 2 0
github.com/shentufoundation/shentu/v2/x/auth/types/tx.pb.go:254.19,256.6 1 0
github.com/shentufoundation/shentu/v2/x/auth/types/tx.pb.go:264.24,270.3 5 0
github.com/shentufoundation/shentu/v2/x/auth/types/tx.pb.go:271.23,277.3 5 0
github.com/shentufoundation/shentu/v2/x/auth/types/tx.pb.go:281.64,285.16 4 0
github.com/shentufoundation/shentu/v2/x/auth/types/tx.pb.go:288.2,288.22 1 0
github.com/shentufoundation/shentu/v2/x/auth/types/tx.pb.go:285.16,287.3 1 0
github.com/shentufoundation/shentu/v2/x/auth/types/tx.pb.go:291.65,294.2 2 0
github.com/shentufoundation/shentu/v2/x/auth/types/tx.pb.go:296.76,302.2 5 0
github.com/shentufoundation/shentu/v2/x/auth/types/tx.pb.go:304.60,307.16 3 0
github.com/shentufoundation/shentu/v2/x/auth/types/tx.pb.go:312.2,313.13 2 0
github.com/shentufoundation/shentu/v2/x/auth/types/tx.pb.go:307.16,311.3 3 0
github.com/shentufoundation/shentu/v2/x/auth/types/tx.pb.go:315.36,316.14 1 0
github.com/shentufoundation/shentu/v2/x/auth/types/tx.pb.go:319.2,322.11 4 0
github.com/shentufoundation/shentu/v2/x/auth/types/tx.pb.go:325.2,326.11 2 0
github.com/shentufoundation/shentu/v2/x/auth/types/tx.pb.go:329.2,329.29 1 0
github.com/shentufoundation/shentu/v2/x/auth/types/tx.pb.go:335.2,335.10 1 0
github.com/shentufoundation/shentu/v2/x/auth/types/tx.pb.go:316.14,318.3 1 0
github.com/shentufoundation/shentu/v2/x/auth/types/tx.pb.go:322.11,324.3 1 0
github.com/shentufoundation/shentu/v2/x/auth/types/tx.pb.go:326.11,328.3 1 0
github.com/shentufoundation/shentu/v2/x/auth/types/tx.pb.go:329.29,330.36 1 0
github.com/shentufoundation/shentu/v2/x/auth/types/tx.pb.go:330.36,333.4 2 0
github.com/shentufoundation/shentu/v2/x/auth/types/tx.pb.go:338.44,339.14 1 0
github.com/shentufoundation/shentu/v2/x/auth/types/tx.pb.go:342.2,344.10 3 0
github.com/shentufoundation/shentu/v2/x/auth/types/tx.pb.go:339.14,341.3 1 0
github.com/shentufoundation/shentu/v2/x/auth/types/tx.pb.go:347.30,349.2 1 0
github.com/shentufoundation/shentu/v2/x/auth/types/tx.pb.go:350.30,352.2 1 0
github.com/shentufoundation/shentu/v2/x/auth/types/tx.pb.go:353.50,356.16 3 0
github.com/shentufoundation/shentu/v2/x/auth/types/tx.pb.go:499.2,499.15 1 0
github.com/shentufoundation/shentu/v2/x/auth/types/tx.pb.go:502.2,502.12 1 0
github.com/shentufoundation/shentu/v2/x/auth/types/tx.pb.go:356.16,359.38 3 0
github.com/shentufoundation/shentu/v2/x/auth/types/tx.pb.go:373.3,375.20 3 0
github.com/shentufoundation/shentu/v2/x/auth/types/tx.pb.go:378.3,378.20 1 0
github.com/shentufoundation/shentu/v2/x/auth/types/tx.pb.go:381.3,381.19 1 0
github.com/shentufoundation/shentu/v2/x/auth/types/tx.pb.go:359.38,360.19 1 0
github.com/shentufoundation/shentu/v2/x/auth/types/tx.pb.go:363.4,363.18 1 0
github.com/shentufoundation/shentu/v2/x/auth/types/tx.pb.go:366.4,369.16 4 0
github.com/shentufoundation/shentu/v2/x/auth/types/tx.pb.go:360.19,362.5 1 0
github.com/shentufoundation/shentu/v2/x/auth/types/tx.pb.go:363.18,365.5 1 0
github.com/shentufoundation/shentu/v2/x/auth/types/tx.pb.go:369.16,370.10 1 0
github.com/shentufoundation/shentu/v2/x/auth/types/tx.pb.go:375.20,377.4 1 0
github.com/shentufoundation/shentu/v2/x/auth/types/tx.pb.go:378.20,380.4 1 0
github.com/shentufoundation/shentu/v2/x/auth/types/tx.pb.go:382.10,383.21 1 0
github.com/shentufoundation/shentu/v2/x/auth/types/tx.pb.go:386.4,387.39 2 0
github.com/shentufoundation/shentu/v2/x/auth/types/tx.pb.go:401.4,402.24 2 0
github.com/shentufoundation/shentu/v2/x/auth/types/tx.pb.go:405.4,406.21 2 0
github.com/shentufoundation/shentu/v2/x/auth/types/tx.pb.go:409.4,409.21 1 0
github.com/shentufoundation/shentu/v2/x/auth/types/tx.pb.go:412.4,413.21 2 0
github.com/shentufoundation/shentu/v2/x/auth/types/tx.pb.go:414.10,415.21 1 0
github.com/shentufoundation/shentu/v2/x/auth/types/tx.pb.go:418.4,419.39 2 0
github.com/shentufoundation/shentu/v2/x/auth/types/tx.pb.go:433.4,434.24 2 0
github.com/shentufoundation/shentu/v2/x/auth/types/tx.pb.go:437.4,438.21 2 0
github.com/shentufoundation/shentu/v2/x/auth/types/tx.pb.go:441.4,441.21 1 0
github.com/shentufoundation/shentu/v2/x/auth/types/tx.pb.go:444.4,445.21 2 0
github.com/shentufoundation/shentu/v2/x/auth/types/tx.pb.go:446.10,447.21 1 0
github.com/shentufoundation/shentu/v2/x/auth/types/tx.pb.go:450.4,451.39 2 0
github.com/shentufoundation/shentu/v2/x/auth/types/tx.pb.go:465.4,465.18 1 0
github.com/shentufoundation/shentu/v2/x/auth/types/tx.pb.go:468.4,469.21 2 0
github.com/shentufoundation/shentu/v2/x/auth/types/tx.pb.go:472.4,472.21 1 0
github.com/shentufoundation/shentu/v2/x/auth/types/tx.pb.go:475.4,476.97 2 0
github.com/shentufoundation/shentu/v2/x/auth/types/tx.pb.go:479.4,479.21 1 0
github.com/shentufoundation/shentu/v2/x/auth/types/tx.pb.go:480.11,483.18 3 0
github.com/shentufoundation/shentu/v2/x/auth/types/tx.pb.go:486.4,486.18 1 0
github.com/shentufoundation/shentu/v2/x/auth/types/tx.pb.go:489.4,489.28 1 0
github.com/shentufoundation/shentu/v2/x/auth/types/tx.pb.go:492.4,492.28 1 0
github.com/shentufoundation/shentu/v2/x/auth/types/tx.pb.go:495.4,495.19 1 0
github.com/shentufoundation/shentu/v2/x/auth/types/tx.pb.go:383.21,385.5 1 0
github.com/shentufoundation/shentu/v2/x/auth/types/tx.pb.go:387.39,388.20 1 0
github.com/shentufoundation/shentu/v2/x/auth/types/tx.pb.go:391.5,391.19 1 0
github.com/shentufoundation/shentu/v2/x/auth/types/tx.pb.go:394.5,397.17 4 0
github.com/shentufoundation/shentu/v2/x/auth/types/tx.pb.go:388.20,390.6 1 0
github.com/shentufoundation/shentu/v2/x/auth/types/tx.pb.go:391.19,393.6 1 0
github.com/shentufoundation/shentu/v2/x/auth/types/tx.pb.go:397.17,398.11 1 0
github.com/shentufoundation/shentu/v2/x/auth/types/tx.pb.go:402.24,404.5 1 0
github.com/shentufoundation/shentu/v2/x/auth/types/tx.pb.go:406.21,408.5 1 0
github.com/shentufoundation/shentu/v2/x/auth/types/tx.pb.go:409.21,411.5 1 0
github.com/shentufoundation/shentu/v2/x/auth/types/tx.pb.go:415.21,417.5 1 0
github.com/shentufoundation/shentu/v2/x/auth/types/tx.pb.go:419.39,420.20 1 0
github.com/shentufoundation/shentu/v2/x/auth/types/tx.pb.go:423.5,423.19 1 0
github.com/shentufoundation/shentu/v2/x/auth/types/tx.pb.go:426.5,429.17 4 0
github.com/shentufoundation/shentu/v2/x/auth/types/tx.pb.go:420.20,422.6 1 0
github.com/shentufoundation/shentu/v2/x/auth/types/tx.pb.go:423.19,425.6 1 0
github.com/shentufoundation/shentu/v2/x/auth/types/tx.pb.go:429.17,430.11 1 0
github.com/shentufoundation/shentu/v2/x/auth/types/tx.pb.go:434.24,436.5 1 0
github.com/shentufoundation/shentu/v2/x/auth/types/tx.pb.go:438.21,440.5 1 0
github.com/shentufoundation/shentu/v2/x/auth/types/tx.pb.go:441.21,443.5 1 0
github.com/shentufoundation/shentu/v2/x/auth/types/tx.pb.go:447.21,449.5 1 0
github.com/shentufoundation/shentu/v2/x/auth/types/tx.pb.go:451.39,452.20 1 0
github.com/shentufoundation/shentu/v2/x/auth/types/tx.pb.go:455.5,455.19 1 0
github.com/shentufoundation/shentu/v2/x/auth/types/tx.pb.go:458.5,461.17 4 0
github.com/shentufoundation/shentu/v2/x/auth/types/tx.pb.go:452.20,454.6 1 0
github.com/shentufoundation/shentu/v2/x/auth/types/tx.pb.go:455.19,457.6 1 0
github.com/shentufoundation/shentu/v2/x/auth/types/tx.pb.go:461.17,462.11 1 0
github.com/shentufoundation/shentu/v2/x/auth/types/tx.pb.go:465.18,467.5 1 0
github.com/shentufoundation/shentu/v2/x/auth/types/tx.pb.go:469.21,471.5 1 0
github.com/shentufoundation/shentu/v2/x/auth/types/tx.pb.go:472.21,474.5 1 0
github.com/shentufoundation/shentu/v2/x/auth/types/tx.pb.go:476.97,478.5 1 0
github.com/shentufoundation/shentu/v2/x/auth/types/tx.pb.go:483.18,485.5 1 0
github.com/shentufoundation/shentu/v2/x/auth/types/tx.pb.go:486.18,488.5 1 0
github.com/shentufoundation/shentu/v2/x/auth/types/tx.pb.go:489.28,491.5 1 0
github.com/shentufoundation/shentu/v2/x/auth/types/tx.pb.go:492.28,494.5 1 0
github.com/shentufoundation/shentu/v2/x/auth/types/tx.pb.go:499.15,501.3 1 0
github.com/shentufoundation/shentu/v2/x/auth/types/tx.pb.go:504.58,507.16 3 0
github.com/shentufoundation/shentu/v2/x/auth/types/tx.pb.go:552.2,552.15 1 0
github.com/shentufoundation/shentu/v2/x/auth/types/tx.pb.go:555.2,555.12 1 0
github.com/shentufoundation/shentu/v2/x/auth/types/tx.pb.go:507.16,510.38 3 0
github.com/shentufoundation/shentu/v2/x/auth/types/tx.pb.go:524.3,526.20 3 0
github.com/shentufoundation/shentu/v2/x/auth/types/tx.pb.go:529.3,529.20 1 0
github.com/shentufoundation/shentu/v2/x/auth/types/tx.pb.go:532.3,532.19 1 0
github.com/shentufoundation/shentu/v2/x/auth/types/tx.pb.go:510.38,511.19 1 0
github.com/shentufoundation/shentu/v2/x/auth/types/tx.pb.go:514.4,514.18 1 0
github.com/shentufoundation/shentu/v2/x/auth/types/tx.pb.go:517.4,520.16 4 0
github.com/shentufoundation/shentu/v2/x/auth/types/tx.pb.go:511.19,513.5 1 0
github.com/shentufoundation/shentu/v2/x/auth/types/tx.pb.go:514.18,516.5 1 0
github.com/shentufoundation/shentu/v2/x/auth/types/tx.pb.go:520.16,521.10 1 0
github.com/shentufoundation/shentu/v2/x/auth/types/tx.pb.go:526.20,528.4 1 0
github.com/shentufoundation/shentu/v2/x/auth/types/tx.pb.go:529.20,531.4 1 0
github.com/shentufoundation/shentu/v2/x/auth/types/tx.pb.go:533.11,536.18 3 0
github.com/shentufoundation/shentu/v2/x/auth/types/tx.pb.go:539.4,539.18 1 0
github.com/shentufoundation/shentu/v2/x/auth/types/tx.pb.go:542.4,542.28 1 0
github.com/shentufoundation/shentu/v2/x/auth/types/tx.pb.go:545.4,545.28 1 0
github.com/shentufoundation/shentu/v2/x/auth/types/tx.pb.go:548.4,548.19 1 0
github.com/shentufoundation/shentu/v2/x/auth/types/tx.pb.go:536.18,538.5 1 0
github.com/shentufoundation/shentu/v2/x/auth/types/tx.pb.go:539.18,541.5 1 0
github.com/shentufoundation/shentu/v2/x/auth/types/tx.pb.go:542.28,544.5 1 0
github.com/shentufoundation/shentu/v2/x/auth/types/tx.pb.go:545.28,547.5 1 0
github.com/shentufoundation/shentu/v2/x/auth/types/tx.pb.go:552.15,554.3 1 0
github.com/shentufoundation/shentu/v2/x/auth/types/tx.pb.go:557.45,561.16 4 0
github.com/shentufoundation/shentu/v2/x/auth/types/tx.pb.go:633.2,633.31 1 0
github.com/shentufoundation/shentu/v2/x/auth/types/tx.pb.go:561.16,563.38 2 0
github.com/shentufoundation/shentu/v2/x/auth/types/tx.pb.go:577.3,578.19 2 0
github.com/shentufoundation/shentu/v2/x/auth/types/tx.pb.go:626.3,626.16 1 0
github.com/shentufoundation/shentu/v2/x/auth/types/tx.pb.go:629.3,629.17 1 0
github.com/shentufoundation/shentu/v2/x/auth/types/tx.pb.go:563.38,564.19 1 0
github.com/shentufoundation/shentu/v2/x/auth/types/tx.pb.go:567.4,567.18 1 0
github.com/shentufoundation/shentu/v2/x/auth/types/tx.pb.go:570.4,573.16 4 0
github.com/shentufoundation/shentu/v2/x/auth/types/tx.pb.go:564.19,566.5 1 0
github.com/shentufoundation/shentu/v2/x/auth/types/tx.pb.go:567.18,569.5 1 0
github.com/shentufoundation/shentu/v2/x/auth/types/tx.pb.go:573.16,574.10 1 0
github.com/shentufoundation/shentu/v2/x/auth/types/tx.pb.go:579.10,580.39 1 0
github.com/shentufoundation/shentu/v2/x/auth/types/tx.pb.go:592.10,593.14 1 0
github.com/shentufoundation/shentu/v2/x/auth/types/tx.pb.go:594.10,596.39 2 0
github.com/shentufoundation/shentu/v2/x/auth/types/tx.pb.go:610.4,610.18 1 0
github.com/shentufoundation/shentu/v2/x/auth/types/tx.pb.go:613.4,613.19 1 0
github.com/shentufoundation/shentu/v2/x/auth/types/tx.pb.go:614.10,615.11 1 0
github.com/shentufoundation/shentu/v2/x/auth/types/tx.pb.go:616.10,617.18 1 0
github.com/shentufoundation/shentu/v2/x/auth/types/tx.pb.go:620.4,620.11 1 0
github.com/shentufoundation/shentu/v2/x/auth/types/tx.pb.go:621.10,622.14 1 0
github.com/shentufoundation/shentu/v2/x/auth/types/tx.pb.go:623.11,624.64 1 0
github.com/shentufoundation/shentu/v2/x/auth/types/tx.pb.go:580.39,581.20 1 0
github.com/shentufoundation/shentu/v2/x/auth/types/tx.pb.go:584.5,584.19 1 0
github.com/shentufoundation/shentu/v2/x/auth/types/tx.pb.go:587.5,588.29 2 0
github.com/shentufoundation/shentu/v2/x/auth/types/tx.pb.go:581.20,583.6 1 0
github.com/shentufoundation/shentu/v2/x/auth/types/tx.pb.go:584.19,586.6 1 0
github.com/shentufoundation/shentu/v2/x/auth/types/tx.pb.go:588.29,589.11 1 0
github.com/shentufoundation/shentu/v2/x/auth/types/tx.pb.go:596.39,597.20 1 0
github.com/shentufoundation/shentu/v2/x/auth/types/tx.pb.go:600.5,600.19 1 0
github.com/shentufoundation/shentu/v2/x/auth/types/tx.pb.go:603.5,606.17 4 0
github.com/shentufoundation/shentu/v2/x/auth/types/tx.pb.go:597.20,599.6 1 0
github.com/shentufoundation/shentu/v2/x/auth/types/tx.pb.go:600.19,602.6 1 0
github.com/shentufoundation/shentu/v2/x/auth/types/tx.pb.go:606.17,607.11 1 0
github.com/shentufoundation/shentu/v2/x/auth/types/tx.pb.go:610.18,612.5 1 0
github.com/shentufoundation/shentu/v2/x/auth/types/tx.pb.go:617.18,619.5 1 0
github.com/shentufoundation/shentu/v2/x/auth/types/tx.pb.go:626.16,628.4 1 0
github.com/shentufoundation/shentu/v2/x/auth/types/tx.pb.go:629.17,631.4 1 0
github.com/shentufoundation/shentu/v2/x/auth/types/vesting.pb.go:36.45,36.76 1 2
github.com/shentufoundation/shentu/v2/x/auth/types/vesting.pb.go:37.46,37.47 0 0
github.com/shentufoundation/shentu/v2/x/auth/types/vesting.pb.go:38.59,40.2 1 0
github.com/shentufoundation/shentu/v2/x/auth/types/vesting.pb.go:41.62,43.2 1 2
github.com/shentufoundation/shentu/v2/x/auth/types/vesting.pb.go:44.90,45.19 1 2
github.com/shentufoundation/shentu/v2/x/auth/types/vesting.pb.go:45.19,47.3 1 0
github.com/shentufoundation/shentu/v2/x/auth/types/vesting.pb.go:47.8,50.17 3 2
github.com/shentufoundation/shentu/v2/x/auth/types/vesting.pb.go:53.3,53.20 1 2
github.com/shentufoundation/shentu/v2/x/auth/types/vesting.pb.go:50.17,52.4 1 0
github.com/shentufoundation/shentu/v2/x/auth/types/vesting.pb.go:56.61,58.2 1 0
github.com/shentufoundation/shentu/v2/x/auth/types/vesting.pb.go:59.47,61.2 1 2
github.com/shentufoundation/shentu/v2/x/auth/types/vesting.pb.go:62.53,64.2 1 0
github.com/shentufoundation/shentu/v2/x/auth/types/vesting.pb.go:68.13,70.2 1 1
github.com/shentufoundation/shentu/v2/x/auth/types/vesting.pb.go:72.13,74.2 1 1
github.com/shentufoundation/shentu/v2/x/auth/types/vesting.pb.go:104.67,108.16 4 0
github.com/shentufoundation/shentu/v2/x/auth/types/vesting.pb.go:111.2,111.22 1 0
github.com/shentufoundation/shentu/v2/x/auth/types/vesting.pb.go:108.16,110.3 1 0
github.com/shentufoundation/shentu/v2/x/auth/types/vesting.pb.go:114.68,117.2 2 0
github.com/shentufoundation/shentu/v2/x/auth/types/vesting.pb.go:119.79,124.25 5 2
github.com/shentufoundation/shentu/v2/x/auth/types/vesting.pb.go:131.2,131.28 1 2
github.com/shentufoundation/shentu/v2/x/auth/types/vesting.pb.go:145.2,145.33 1 2
github.com/shentufoundation/shentu/v2/x/auth/types/vesting.pb.go:157.2,157.27 1 2
github.com/shentufoundation/shentu/v2/x/auth/types/vesting.pb.go:124.25,130.3 5 2
github.com/shentufoundation/shentu/v2/x/auth/types/vesting.pb.go:131.28,132.60 1 1
github.com/shentufoundation/shentu/v2/x/auth/types/vesting.pb.go:132.60,133.4 1 1
github.com/shentufoundation/shentu/v2/x/auth/types/vesting.pb.go:141.4,142.18 2 1
github.com/shentufoundation/shentu/v2/x/auth/types/vesting.pb.go:133.4,135.19 2 1
github.com/shentufoundation/shentu/v2/x/auth/types/vesting.pb.go:138.5,139.51 2 1
github.com/shentufoundation/shentu/v2/x/auth/types/vesting.pb.go:135.19,137.6 1 0
github.com/shentufoundation/shentu/v2/x/auth/types/vesting.pb.go:145.33,146.3 1 2
github.com/shentufoundation/shentu/v2/x/auth/types/vesting.pb.go:154.3,155.16 2 2
github.com/shentufoundation/shentu/v2/x/auth/types/vesting.pb.go:146.3,148.18 2 2
github.com/shentufoundation/shentu/v2/x/auth/types/vesting.pb.go:151.4,152.50 2 2
github.com/shentufoundation/shentu/v2/x/auth/types/vesting.pb.go:148.18,150.5 1 0
github.com/shentufoundation/shentu/v2/x/auth/types/vesting.pb.go:160.65,163.16 3 5
github.com/shentufoundation/shentu/v2/x/auth/types/vesting.pb.go:168.2,169.13 2 5
github.com/shentufoundation/shentu/v2/x/auth/types/vesting.pb.go:163.16,167.3 3 0
github.com/shentufoundation/shentu/v2/x/auth/types/vesting.pb.go:171.47,172.14 1 2
github.com/shentufoundation/shentu/v2/x/auth/types/vesting.pb.go:175.2,177.33 3 2
github.com/shentufoundation/shentu/v2/x/auth/types/vesting.pb.go:181.2,181.28 1 2
github.com/shentufoundation/shentu/v2/x/auth/types/vesting.pb.go:187.2,188.11 2 2
github.com/shentufoundation/shentu/v2/x/auth/types/vesting.pb.go:191.2,191.10 1 2
github.com/shentufoundation/shentu/v2/x/auth/types/vesting.pb.go:172.14,174.3 1 0
github.com/shentufoundation/shentu/v2/x/auth/types/vesting.pb.go:177.33,180.3 2 2
github.com/shentufoundation/shentu/v2/x/auth/types/vesting.pb.go:181.28,182.35 1 1
github.com/shentufoundation/shentu/v2/x/auth/types/vesting.pb.go:182.35,185.4 2 1
github.com/shentufoundation/shentu/v2/x/auth/types/vesting.pb.go:188.11,190.3 1 2
github.com/shentufoundation/shentu/v2/x/auth/types/vesting.pb.go:194.35,196.2 1 10
github.com/shentufoundation/shentu/v2/x/auth/types/vesting.pb.go:197.35,199.2 1 0
github.com/shentufoundation/shentu/v2/x/auth/types/vesting.pb.go:200.61,203.16 3 2
github.com/shentufoundation/shentu/v2/x/auth/types/vesting.pb.go:350.2,350.15 1 2
github.com/shentufoundation/shentu/v2/x/auth/types/vesting.pb.go:353.2,353.12 1 2
github.com/shentufoundation/shentu/v2/x/auth/types/vesting.pb.go:203.16,206.38 3 5
github.com/shentufoundation/shentu/v2/x/auth/types/vesting.pb.go:220.3,222.20 3 5
github.com/shentufoundation/shentu/v2/x/auth/types/vesting.pb.go:225.3,225.20 1 5
github.com/shentufoundation/shentu/v2/x/auth/types/vesting.pb.go:228.3,228.19 1 5
github.com/shentufoundation/shentu/v2/x/auth/types/vesting.pb.go:206.38,207.19 1 5
github.com/shentufoundation/shentu/v2/x/auth/types/vesting.pb.go:210.4,210.18 1 5
github.com/shentufoundation/shentu/v2/x/auth/types/vesting.pb.go:213.4,216.16 4 5
github.com/shentufoundation/shentu/v2/x/auth/types/vesting.pb.go:207.19,209.5 1 0
github.com/shentufoundation/shentu/v2/x/auth/types/vesting.pb.go:210.18,212.5 1 0
github.com/shentufoundation/shentu/v2/x/auth/types/vesting.pb.go:216.16,217.10 1 5
github.com/shentufoundation/shentu/v2/x/auth/types/vesting.pb.go:222.20,224.4 1 0
github.com/shentufoundation/shentu/v2/x/auth/types/vesting.pb.go:225.20,227.4 1 0
github.com/shentufoundation/shentu/v2/x/auth/types/vesting.pb.go:229.10,230.21 1 2
github.com/shentufoundation/shentu/v2/x/auth/types/vesting.pb.go:233.4,234.39 2 2
github.com/shentufoundation/shentu/v2/x/auth/types/vesting.pb.go:248.4,248.18 1 2
github.com/shentufoundation/shentu/v2/x/auth/types/vesting.pb.go:251.4,252.21 2 2
github.com/shentufoundation/shentu/v2/x/auth/types/vesting.pb.go:255.4,255.21 1 2
github.com/shentufoundation/shentu/v2/x/auth/types/vesting.pb.go:258.4,258.35 1 2
github.com/shentufoundation/shentu/v2/x/auth/types/vesting.pb.go:261.4,261.80 1 2
github.com/shentufoundation/shentu/v2/x/auth/types/vesting.pb.go:264.4,264.21 1 2
github.com/shentufoundation/shentu/v2/x/auth/types/vesting.pb.go:265.10,266.21 1 1
github.com/shentufoundation/shentu/v2/x/auth/types/vesting.pb.go:269.4,270.39 2 1
github.com/shentufoundation/shentu/v2/x/auth/types/vesting.pb.go:284.4,284.18 1 1
github.com/shentufoundation/shentu/v2/x/auth/types/vesting.pb.go:287.4,288.21 2 1
github.com/shentufoundation/shentu/v2/x/auth/types/vesting.pb.go:291.4,291.21 1 1
github.com/shentufoundation/shentu/v2/x/auth/types/vesting.pb.go:294.4,295.95 2 1
github.com/shentufoundation/shentu/v2/x/auth/types/vesting.pb.go:298.4,298.21 1 1
github.com/shentufoundation/shentu/v2/x/auth/types/vesting.pb.go:299.10,300.21 1 2
github.com/shentufoundation/shentu/v2/x/auth/types/vesting.pb.go:303.4,304.39 2 2
github.com/shentufoundation/shentu/v2/x/auth/types/vesting.pb.go:318.4,319.24 2 2
github.com/shentufoundation/shentu/v2/x/auth/types/vesting.pb.go:322.4,323.21 2 2
github.com/shentufoundation/shentu/v2/x/auth/types/vesting.pb.go:326.4,326.21 1 2
github.com/shentufoundation/shentu/v2/x/auth/types/vesting.pb.go:329.4,330.21 2 2
github.com/shentufoundation/shentu/v2/x/auth/types/vesting.pb.go:331.11,334.18 3 0
github.com/shentufoundation/shentu/v2/x/auth/types/vesting.pb.go:337.4,337.18 1 0
github.com/shentufoundation/shentu/v2/x/auth/types/vesting.pb.go:340.4,340.28 1 0
github.com/shentufoundation/shentu/v2/x/auth/types/vesting.pb.go:343.4,343.28 1 0
github.com/shentufoundation/shentu/v2/x/auth/types/vesting.pb.go:346.4,346.19 1 0
github.com/shentufoundation/shentu/v2/x/auth/types/vesting.pb.go:230.21,232.5 1 0
github.com/shentufoundation/shentu/v2/x/auth/types/vesting.pb.go:234.39,235.20 1 2
github.com/shentufoundation/shentu/v2/x/auth/types/vesting.pb.go:238.5,238.19 1 2
github.com/shentufoundation/shentu/v2/x/auth/types/vesting.pb.go:241.5,244.17 4 2
github.com/shentufoundation/shentu/v2/x/auth/types/vesting.pb.go:235.20,237.6 1 0
github.com/shentufoundation/shentu/v2/x/auth/types/vesting.pb.go:238.19,240.6 1 0
github.com/shentufoundation/shentu/v2/x/auth/types/vesting.pb.go:244.17,245.11 1 2
github.com/shentufoundation/shentu/v2/x/auth/types/vesting.pb.go:248.18,250.5 1 0
github.com/shentufoundation/shentu/v2/x/auth/types/vesting.pb.go:252.21,254.5 1 0
github.com/shentufoundation/shentu/v2/x/auth/types/vesting.pb.go:255.21,257.5 1 0
github.com/shentufoundation/shentu/v2/x/auth/types/vesting.pb.go:258.35,260.5 1 2
github.com/shentufoundation/shentu/v2/x/auth/types/vesting.pb.go:261.80,263.5 1 0
github.com/shentufoundation/shentu/v2/x/auth/types/vesting.pb.go:266.21,268.5 1 0
github.com/shentufoundation/shentu/v2/x/auth/types/vesting.pb.go:270.39,271.20 1 1
github.com/shentufoundation/shentu/v2/x/auth/types/vesting.pb.go:274.5,274.19 1 1
github.com/shentufoundation/shentu/v2/x/auth/types/vesting.pb.go:277.5,280.17 4 1
github.com/shentufoundation/shentu/v2/x/auth/types/vesting.pb.go:271.20,273.6 1 0
github.com/shentufoundation/shentu/v2/x/auth/types/vesting.pb.go:274.19,276.6 1 0
github.com/shentufoundation/shentu/v2/x/auth/types/vesting.pb.go:280.17,281.11 1 1
github.com/shentufoundation/shentu/v2/x/auth/types/vesting.pb.go:284.18,286.5 1 0
github.com/shentufoundation/shentu/v2/x/auth/types/vesting.pb.go:288.21,290.5 1 0
github.com/shentufoundation/shentu/v2/x/auth/types/vesting.pb.go:291.21,293.5 1 0
github.com/shentufoundation/shentu/v2/x/auth/types/vesting.pb.go:295.95,297.5 1 0
github.com/shentufoundation/shentu/v2/x/auth/types/vesting.pb.go:300.21,302.5 1 0
github.com/shentufoundation/shentu/v2/x/auth/types/vesting.pb.go:304.39,305.20 1 2
github.com/shentufoundation/shentu/v2/x/auth/types/vesting.pb.go:308.5,308.19 1 2
github.com/shentufoundation/shentu/v2/x/auth/types/vesting.pb.go:311.5,314.17 4 2
github.com/shentufoundation/shentu/v2/x/auth/types/vesting.pb.go:305.20,307.6 1 0
github.com/shentufoundation/shentu/v2/x/auth/types/vesting.pb.go:308.19,310.6 1 0
github.com/shentufoundation/shentu/v2/x/auth/types/vesting.pb.go:314.17,315.11 1 2
github.com/shentufoundation/shentu/v2/x/auth/types/vesting.pb.go:319.24,321.5 1 0
github.com/shentufoundation/shentu/v2/x/auth/types/vesting.pb.go:323.21,325.5 1 0
github.com/shentufoundation/shentu/v2/x/auth/types/vesting.pb.go:326.21,328.5 1 0
github.com/shentufoundation/shentu/v2/x/auth/types/vesting.pb.go:334.18,336.5 1 0
github.com/shentufoundation/shentu/v2/x/auth/types/vesting.pb.go:337.18,339.5 1 0
github.com/shentufoundation/shentu/v2/x/auth/types/vesting.pb.go:340.28,342.5 1 0
github.com/shentufoundation/shentu/v2/x/auth/types/vesting.pb.go:343.28,345.5 1 0
github.com/shentufoundation/shentu/v2/x/auth/types/vesting.pb.go:350.15,352.3 1 0
github.com/shentufoundation/shentu/v2/x/auth/types/vesting.pb.go:355.50,359.16 4 0
github.com/shentufoundation/shentu/v2/x/auth/types/vesting.pb.go:431.2,431.31 1 0
github.com/shentufoundation/shentu/v2/x/auth/types/vesting.pb.go:359.16,361.38 2 0
github.com/shentufoundation/shentu/v2/x/auth/types/vesting.pb.go:375.3,376.19 2 0
github.com/shentufoundation/shentu/v2/x/auth/types/vesting.pb.go:424.3,424.16 1 0
github.com/shentufoundation/shentu/v2/x/auth/types/vesting.pb.go:427.3,427.17 1 0
github.com/shentufoundation/shentu/v2/x/auth/types/vesting.pb.go:361.38,362.19 1 0
github.com/shentufoundation/shentu/v2/x/auth/types/vesting.pb.go:365.4,365.18 1 0
github.com/shentufoundation/shentu/v2/x/auth/types/vesting.pb.go:368.4,371.16 4 0
github.com/shentufoundation/shentu/v2/x/auth/types/vesting.pb.go:362.19,364.5 1 0
github.com/shentufoundation/shentu/v2/x/auth/types/vesting.pb.go:365.18,367.5 1 0
github.com/shentufoundation/shentu/v2/x/auth/types/vesting.pb.go:371.16,372.10 1 0
github.com/shentufoundation/shentu/v2/x/auth/types/vesting.pb.go:377.10,378.39 1 0
github.com/shentufoundation/shentu/v2/x/auth/types/vesting.pb.go:390.10,391.14 1 0
github.com/shentufoundation/shentu/v2/x/auth/types/vesting.pb.go:392.10,394.39 2 0
github.com/shentufoundation/shentu/v2/x/auth/types/vesting.pb.go:408.4,408.18 1 0
github.com/shentufoundation/shentu/v2/x/auth/types/vesting.pb.go:411.4,411.19 1 0
github.com/shentufoundation/shentu/v2/x/auth/types/vesting.pb.go:412.10,413.11 1 0
github.com/shentufoundation/shentu/v2/x/auth/types/vesting.pb.go:414.10,415.18 1 0
github.com/shentufoundation/shentu/v2/x/auth/types/vesting.pb.go:418.4,418.11 1 0
github.com/shentufoundation/shentu/v2/x/auth/types/vesting.pb.go:419.10,420.14 1 0
github.com/shentufoundation/shentu/v2/x/auth/types/vesting.pb.go:421.11,422.64 1 0
github.com/shentufoundation/shentu/v2/x/auth/types/vesting.pb.go:378.39,379.20 1 0
github.com/shentufoundation/shentu/v2/x/auth/types/vesting.pb.go:382.5,382.19 1 0
github.com/shentufoundation/shentu/v2/x/auth/types/vesting.pb.go:385.5,386.29 2 0
github.com/shentufoundation/shentu/v2/x/auth/types/vesting.pb.go:379.20,381.6 1 0
github.com/shentufoundation/shentu/v2/x/auth/types/vesting.pb.go:382.19,384.6 1 0
github.com/shentufoundation/shentu/v2/x/auth/types/vesting.pb.go:386.29,387.11 1 0
github.com/shentufoundation/shentu/v2/x/auth/types/vesting.pb.go:394.39,395.20 1 0
github.com/shentufoundation/shentu/v2/x/auth/types/vesting.pb.go:398.5,398.19 1 0
github.com/shentufoundation/shentu/v2/x/auth/types/vesting.pb.go:401.5,404.17 4 0
github.com/shentufoundation/shentu/v2/x/auth/types/vesting.pb.go:395.20,397.6 1 0
github.com/shentufoundation/shentu/v2/x/auth/types/vesting.pb.go:398.19,400.6 1 0
github.com/shentufoundation/shentu/v2/x/auth/types/vesting.pb.go:404.17,405.11 1 0
github.com/shentufoundation/shentu/v2/x/auth/types/vesting.pb.go:408.18,410.5 1 0
github.com/shentufoundation/shentu/v2/x/auth/types/vesting.pb.go:415.18,417.5 1 0
github.com/shentufoundation/shentu/v2/x/auth/types/vesting.pb.go:424.16,426.4 1 0
github.com/shentufoundation/shentu/v2/x/auth/types/vesting.pb.go:427.17,429.4 1 0
github.com/shentufoundation/shentu/v2/x/auth/types/vesting_account.go:24.138,30.2 1 13
github.com/shentufoundation/shentu/v2/x/auth/types/vesting_account.go:32.145,43.2 2 0
github.com/shentufoundation/shentu/v2/x/auth/types/vesting_account.go:46.79,47.31 1 25
github.com/shentufoundation/shentu/v2/x/auth/types/vesting_account.go:50.2,50.12 1 15
github.com/shentufoundation/shentu/v2/x/auth/types/vesting_account.go:47.31,49.3 1 10
github.com/shentufoundation/shentu/v2/x/auth/types/vesting_account.go:54.80,56.2 1 23
github.com/shentufoundation/shentu/v2/x/auth/types/vesting_account.go:59.76,61.2 1 12
github.com/shentufoundation/shentu/v2/x/auth/types/vesting_account.go:66.98,68.2 1 9
github.com/shentufoundation/shentu/v2/x/auth/types/vesting_account.go:71.54,73.2 1 0
github.com/shentufoundation/shentu/v2/x/auth/types/vesting_account.go:76.50,77.50 1 4
github.com/shentufoundation/shentu/v2/x/auth/types/vesting_account.go:80.2,80.42 1 3
github.com/shentufoundation/shentu/v2/x/auth/types/vesting_account.go:77.50,79.3 1 1
github.com/shentufoundation/shentu/v2/x/auth/types/vesting_account.go:96.49,99.2 2 6
github.com/shentufoundation/shentu/v2/x/auth/types/vesting_account.go:101.68,103.16 2 6
github.com/shentufoundation/shentu/v2/x/auth/types/vesting_account.go:106.2,107.16 2 6
github.com/shentufoundation/shentu/v2/x/auth/types/vesting_account.go:111.2,123.38 2 6
github.com/shentufoundation/shentu/v2/x/auth/types/vesting_account.go:127.2,128.16 2 6
github.com/shentufoundation/shentu/v2/x/auth/types/vesting_account.go:132.2,132.24 1 6
github.com/shentufoundation/shentu/v2/x/auth/types/vesting_account.go:103.16,105.3 1 0
github.com/shentufoundation/shentu/v2/x/auth/types/vesting_account.go:107.16,109.3 1 0
github.com/shentufoundation/shentu/v2/x/auth/types/vesting_account.go:123.38,125.3 1 4
github.com/shentufoundation/shentu/v2/x/auth/types/vesting_account.go:128.16,130.3 1 0
github.com/shentufoundation/shentu/v2/x/auth/types/codec.go:15.55,18.2 2 3
github.com/shentufoundation/shentu/v2/x/auth/types/codec.go:21.59,43.2 5 2
github.com/shentufoundation/shentu/v2/x/auth/types/codec.go:57.13,61.2 3 1
github.com/shentufoundation/shentu/v2/x/auth/types/msgs.go:17.86,23.2 1 0
github.com/shentufoundation/shentu/v2/x/auth/types/msgs.go:26.35,26.56 1 0
github.com/shentufoundation/shentu/v2/x/auth/types/msgs.go:29.34,29.53 1 0
github.com/shentufoundation/shentu/v2/x/auth/types/msgs.go:32.42,34.16 2 0
github.com/shentufoundation/shentu/v2/x/auth/types/msgs.go:38.2,39.16 2 0
github.com/shentufoundation/shentu/v2/x/auth/types/msgs.go:43.2,43.12 1 0
github.com/shentufoundation/shentu/v2/x/auth/types/msgs.go:34.16,36.3 1 0
github.com/shentufoundation/shentu/v2/x/auth/types/msgs.go:39.16,41.3 1 0
github.com/shentufoundation/shentu/v2/x/auth/types/msgs.go:47.42,49.2 1 0
github.com/shentufoundation/shentu/v2/x/auth/types/msgs.go:52.50,54.16 2 0
github.com/shentufoundation/shentu/v2/x/auth/types/msgs.go:57.2,57.33 1 0
github.com/shentufoundation/shentu/v2/x/auth/types/msgs.go:54.16,55.13 1 0
github.com/shentufoundation/shentu/v2/app/mva/forks.go:17.117,21.2 2 0
github.com/shentufoundation/shentu/v2/app/mva/forks.go:23.116,24.70 1 0
github.com/shentufoundation/shentu/v2/app/mva/forks.go:24.70,26.10 2 0
github.com/shentufoundation/shentu/v2/app/mva/forks.go:30.3,32.16 2 0
github.com/shentufoundation/shentu/v2/app/mva/forks.go:36.3,38.10 2 0
github.com/shentufoundation/shentu/v2/app/mva/forks.go:42.3,43.15 2 0
github.com/shentufoundation/shentu/v2/app/mva/forks.go:26.10,28.4 1 0
github.com/shentufoundation/shentu/v2/app/mva/forks.go:32.16,34.4 1 0
github.com/shentufoundation/shentu/v2/app/mva/forks.go:38.10,39.56 1 0
github.com/shentufoundation/shentu/v2/app/mva/forks.go:47.131,51.9 3 10
github.com/shentufoundation/shentu/v2/app/mva/forks.go:55.2,61.32 5 10
github.com/shentufoundation/shentu/v2/app/mva/forks.go:74.2,77.31 3 10
github.com/shentufoundation/shentu/v2/app/mva/forks.go:83.2,87.9 4 10
github.com/shentufoundation/shentu/v2/app/mva/forks.go:92.2,92.39 1 10
github.com/shentufoundation/shentu/v2/app/mva/forks.go:96.2,98.38 2 10
github.com/shentufoundation/shentu/v2/app/mva/forks.go:51.9,53.3 1 0
github.com/shentufoundation/shentu/v2/app/mva/forks.go:61.32,63.17 2 14
github.com/shentufoundation/shentu/v2/app/mva/forks.go:66.3,67.13 2 14
github.com/shentufoundation/shentu/v2/app/mva/forks.go:70.3,71.51 2 14
github.com/shentufoundation/shentu/v2/app/mva/forks.go:63.17,64.63 1 0
github.com/shentufoundation/shentu/v2/app/mva/forks.go:67.13,68.74 1 0
github.com/shentufoundation/shentu/v2/app/mva/forks.go:77.31,78.31 1 11
github.com/shentufoundation/shentu/v2/app/mva/forks.go:78.31,80.4 1 11
github.com/shentufoundation/shentu/v2/app/mva/forks.go:87.9,89.3 1 0
github.com/shentufoundation/shentu/v2/app/mva/forks.go:92.39,94.3 1 9
github.com/shentufoundation/shentu/v2/app/mva/forks.go:101.100,102.32 1 10
github.com/shentufoundation/shentu/v2/app/mva/forks.go:103.39,106.21 3 10
github.com/shentufoundation/shentu/v2/app/mva/forks.go:107.10,108.20 1 0
github.com/shentufoundation/shentu/v2/x/bank/types/tx.pb.go:43.41,43.65 1 0
github.com/shentufoundation/shentu/v2/x/bank/types/tx.pb.go:44.41,44.78 1 0
github.com/shentufoundation/shentu/v2/x/bank/types/tx.pb.go:45.42,45.43 0 0
github.com/shentufoundation/shentu/v2/x/bank/types/tx.pb.go:46.52,48.2 1 0
github.com/shentufoundation/shentu/v2/x/bank/types/tx.pb.go:49.55,51.2 1 0
github.com/shentufoundation/shentu/v2/x/bank/types/tx.pb.go:52.83,53.19 1 0
github.com/shentufoundation/shentu/v2/x/bank/types/tx.pb.go:53.19,55.3 1 0
github.com/shentufoundation/shentu/v2/x/bank/types/tx.pb.go:55.8,58.17 3 0
github.com/shentufoundation/shentu/v2/x/bank/types/tx.pb.go:61.3,61.20 1 0
github.com/shentufoundation/shentu/v2/x/bank/types/tx.pb.go:58.17,60.4 1 0
github.com/shentufoundation/shentu/v2/x/bank/types/tx.pb.go:64.54,66.2 1 0
github.com/shentufoundation/shentu/v2/x/bank/types/tx.pb.go:67.40,69.2 1 0
github.com/shentufoundation/shentu/v2/x/bank/types/tx.pb.go:70.46,72.2 1 0
github.com/shentufoundation/shentu/v2/x/bank/types/tx.pb.go:80.49,80.81 1 0
github.com/shentufoundation/shentu/v2/x/bank/types/tx.pb.go:81.49,81.86 1 0
github.com/shentufoundation/shentu/v2/x/bank/types/tx.pb.go:82.50,82.51 0 0
github.com/shentufoundation/shentu/v2/x/bank/types/tx.pb.go:83.60,85.2 1 0
github.com/shentufoundation/shentu/v2/x/bank/types/tx.pb.go:86.63,88.2 1 0
github.com/shentufoundation/shentu/v2/x/bank/types/tx.pb.go:89.91,90.19 1 0
github.com/shentufoundation/shentu/v2/x/bank/types/tx.pb.go:90.19,92.3 1 0
github.com/shentufoundation/shentu/v2/x/bank/types/tx.pb.go:92.8,95.17 3 0
github.com/shentufoundation/shentu/v2/x/bank/types/tx.pb.go:98.3,98.20 1 0
github.com/shentufoundation/shentu/v2/x/bank/types/tx.pb.go:95.17,97.4 1 0
github.com/shentufoundation/shentu/v2/x/bank/types/tx.pb.go:101.62,103.2 1 0
github.com/shentufoundation/shentu/v2/x/bank/types/tx.pb.go:104.48,106.2 1 0
github.com/shentufoundation/shentu/v2/x/bank/types/tx.pb.go:107.54,109.2 1 0
github.com/shentufoundation/shentu/v2/x/bank/types/tx.pb.go:113.13,116.2 2 1
github.com/shentufoundation/shentu/v2/x/bank/types/tx.pb.go:118.13,118.101 1 1
github.com/shentufoundation/shentu/v2/x/bank/types/tx.pb.go:171.50,173.2 1 0
github.com/shentufoundation/shentu/v2/x/bank/types/tx.pb.go:175.129,178.16 3 0
github.com/shentufoundation/shentu/v2/x/bank/types/tx.pb.go:181.2,181.17 1 0
github.com/shentufoundation/shentu/v2/x/bank/types/tx.pb.go:178.16,180.3 1 0
github.com/shentufoundation/shentu/v2/x/bank/types/tx.pb.go:195.116,197.2 1 0
github.com/shentufoundation/shentu/v2/x/bank/types/tx.pb.go:199.55,201.2 1 11
github.com/shentufoundation/shentu/v2/x/bank/types/tx.pb.go:203.159,205.32 2 33
github.com/shentufoundation/shentu/v2/x/bank/types/tx.pb.go:208.2,208.24 1 33
github.com/shentufoundation/shentu/v2/x/bank/types/tx.pb.go:211.2,215.77 2 33
github.com/shentufoundation/shentu/v2/x/bank/types/tx.pb.go:218.2,218.44 1 33
github.com/shentufoundation/shentu/v2/x/bank/types/tx.pb.go:205.32,207.3 1 0
github.com/shentufoundation/shentu/v2/x/bank/types/tx.pb.go:208.24,210.3 1 0
github.com/shentufoundation/shentu/v2/x/bank/types/tx.pb.go:215.77,217.3 1 0
github.com/shentufoundation/shentu/v2/x/bank/types/tx.pb.go:234.60,238.16 4 0
github.com/shentufoundation/shentu/v2/x/bank/types/tx.pb.go:241.2,241.22 1 0
github.com/shentufoundation/shentu/v2/x/bank/types/tx.pb.go:238.16,240.3 1 0
github.com/shentufoundation/shentu/v2/x/bank/types/tx.pb.go:244.61,247.2 2 0
github.com/shentufoundation/shentu/v2/x/bank/types/tx.pb.go:249.72,254.23 5 0
github.com/shentufoundation/shentu/v2/x/bank/types/tx.pb.go:268.2,268.32 1 0
github.com/shentufoundation/shentu/v2/x/bank/types/tx.pb.go:275.2,275.26 1 0
github.com/shentufoundation/shentu/v2/x/bank/types/tx.pb.go:282.2,282.28 1 0
github.com/shentufoundation/shentu/v2/x/bank/types/tx.pb.go:289.2,289.27 1 0
github.com/shentufoundation/shentu/v2/x/bank/types/tx.pb.go:254.23,255.55 1 0
github.com/shentufoundation/shentu/v2/x/bank/types/tx.pb.go:255.55,256.4 1 0
github.com/shentufoundation/shentu/v2/x/bank/types/tx.pb.go:264.4,265.18 2 0
github.com/shentufoundation/shentu/v2/x/bank/types/tx.pb.go:256.4,258.19 2 0
github.com/shentufoundation/shentu/v2/x/bank/types/tx.pb.go:261.5,262.46 2 0
github.com/shentufoundation/shentu/v2/x/bank/types/tx.pb.go:258.19,260.6 1 0
github.com/shentufoundation/shentu/v2/x/bank/types/tx.pb.go:268.32,274.3 5 0
github.com/shentufoundation/shentu/v2/x/bank/types/tx.pb.go:275.26,281.3 5 0
github.com/shentufoundation/shentu/v2/x/bank/types/tx.pb.go:282.28,288.3 5 0
github.com/shentufoundation/shentu/v2/x/bank/types/tx.pb.go:292.68,296.16 4 0
github.com/shentufoundation/shentu/v2/x/bank/types/tx.pb.go:299.2,299.22 1 0
github.com/shentufoundation/shentu/v2/x/bank/types/tx.pb.go:296.16,298.3 1 0
github.com/shentufoundation/shentu/v2/x/bank/types/tx.pb.go:302.69,305.2 2 0
github.com/shentufoundation/shentu/v2/x/bank/types/tx.pb.go:307.80,313.2 5 0
github.com/shentufoundation/shentu/v2/x/bank/types/tx.pb.go:315.60,318.16 3 0
github.com/shentufoundation/shentu/v2/x/bank/types/tx.pb.go:323.2,324.13 2 0
github.com/shentufoundation/shentu/v2/x/bank/types/tx.pb.go:318.16,322.3 3 0
github.com/shentufoundation/shentu/v2/x/bank/types/tx.pb.go:326.40,327.14 1 0
github.com/shentufoundation/shentu/v2/x/bank/types/tx.pb.go:330.2,333.11 4 0
github.com/shentufoundation/shentu/v2/x/bank/types/tx.pb.go:336.2,337.11 2 0
github.com/shentufoundation/shentu/v2/x/bank/types/tx.pb.go:340.2,341.11 2 0
github.com/shentufoundation/shentu/v2/x/bank/types/tx.pb.go:344.2,344.23 1 0
github.com/shentufoundation/shentu/v2/x/bank/types/tx.pb.go:350.2,350.10 1 0
github.com/shentufoundation/shentu/v2/x/bank/types/tx.pb.go:327.14,329.3 1 0
github.com/shentufoundation/shentu/v2/x/bank/types/tx.pb.go:333.11,335.3 1 0
github.com/shentufoundation/shentu/v2/x/bank/types/tx.pb.go:337.11,339.3 1 0
github.com/shentufoundation/shentu/v2/x/bank/types/tx.pb.go:341.11,343.3 1 0
github.com/shentufoundation/shentu/v2/x/bank/types/tx.pb.go:344.23,345.30 1 0
github.com/shentufoundation/shentu/v2/x/bank/types/tx.pb.go:345.30,348.4 2 0
github.com/shentufoundation/shentu/v2/x/bank/types/tx.pb.go:353.48,354.14 1 0
github.com/shentufoundation/shentu/v2/x/bank/types/tx.pb.go:357.2,359.10 3 0
github.com/shentufoundation/shentu/v2/x/bank/types/tx.pb.go:354.14,356.3 1 0
github.com/shentufoundation/shentu/v2/x/bank/types/tx.pb.go:362.30,364.2 1 0
github.com/shentufoundation/shentu/v2/x/bank/types/tx.pb.go:365.30,367.2 1 0
github.com/shentufoundation/shentu/v2/x/bank/types/tx.pb.go:368.54,371.16 3 0
github.com/shentufoundation/shentu/v2/x/bank/types/tx.pb.go:546.2,546.15 1 0
github.com/shentufoundation/shentu/v2/x/bank/types/tx.pb.go:549.2,549.12 1 0
github.com/shentufoundation/shentu/v2/x/bank/types/tx.pb.go:371.16,374.38 3 0
github.com/shentufoundation/shentu/v2/x/bank/types/tx.pb.go:388.3,390.20 3 0
github.com/shentufoundation/shentu/v2/x/bank/types/tx.pb.go:393.3,393.20 1 0
github.com/shentufoundation/shentu/v2/x/bank/types/tx.pb.go:396.3,396.19 1 0
github.com/shentufoundation/shentu/v2/x/bank/types/tx.pb.go:374.38,375.19 1 0
github.com/shentufoundation/shentu/v2/x/bank/types/tx.pb.go:378.4,378.18 1 0
github.com/shentufoundation/shentu/v2/x/bank/types/tx.pb.go:381.4,384.16 4 0
github.com/shentufoundation/shentu/v2/x/bank/types/tx.pb.go:375.19,377.5 1 0
github.com/shentufoundation/shentu/v2/x/bank/types/tx.pb.go:378.18,380.5 1 0
github.com/shentufoundation/shentu/v2/x/bank/types/tx.pb.go:384.16,385.10 1 0
github.com/shentufoundation/shentu/v2/x/bank/types/tx.pb.go:390.20,392.4 1 0
github.com/shentufoundation/shentu/v2/x/bank/types/tx.pb.go:393.20,395.4 1 0
github.com/shentufoundation/shentu/v2/x/bank/types/tx.pb.go:397.10,398.21 1 0
github.com/shentufoundation/shentu/v2/x/bank/types/tx.pb.go:401.4,402.39 2 0
github.com/shentufoundation/shentu/v2/x/bank/types/tx.pb.go:416.4,417.24 2 0
github.com/shentufoundation/shentu/v2/x/bank/types/tx.pb.go:420.4,421.21 2 0
github.com/shentufoundation/shentu/v2/x/bank/types/tx.pb.go:424.4,424.21 1 0
github.com/shentufoundation/shentu/v2/x/bank/types/tx.pb.go:427.4,428.21 2 0
github.com/shentufoundation/shentu/v2/x/bank/types/tx.pb.go:429.10,430.21 1 0
github.com/shentufoundation/shentu/v2/x/bank/types/tx.pb.go:433.4,434.39 2 0
github.com/shentufoundation/shentu/v2/x/bank/types/tx.pb.go:448.4,449.24 2 0
github.com/shentufoundation/shentu/v2/x/bank/types/tx.pb.go:452.4,453.21 2 0
github.com/shentufoundation/shentu/v2/x/bank/types/tx.pb.go:456.4,456.21 1 0
github.com/shentufoundation/shentu/v2/x/bank/types/tx.pb.go:459.4,460.21 2 0
github.com/shentufoundation/shentu/v2/x/bank/types/tx.pb.go:461.10,462.21 1 0
github.com/shentufoundation/shentu/v2/x/bank/types/tx.pb.go:465.4,466.39 2 0
github.com/shentufoundation/shentu/v2/x/bank/types/tx.pb.go:480.4,481.24 2 0
github.com/shentufoundation/shentu/v2/x/bank/types/tx.pb.go:484.4,485.21 2 0
github.com/shentufoundation/shentu/v2/x/bank/types/tx.pb.go:488.4,488.21 1 0
github.com/shentufoundation/shentu/v2/x/bank/types/tx.pb.go:491.4,492.21 2 0
github.com/shentufoundation/shentu/v2/x/bank/types/tx.pb.go:493.10,494.21 1 0
github.com/shentufoundation/shentu/v2/x/bank/types/tx.pb.go:497.4,498.39 2 0
github.com/shentufoundation/shentu/v2/x/bank/types/tx.pb.go:512.4,512.18 1 0
github.com/shentufoundation/shentu/v2/x/bank/types/tx.pb.go:515.4,516.21 2 0
github.com/shentufoundation/shentu/v2/x/bank/types/tx.pb.go:519.4,519.21 1 0
github.com/shentufoundation/shentu/v2/x/bank/types/tx.pb.go:522.4,523.85 2 0
github.com/shentufoundation/shentu/v2/x/bank/types/tx.pb.go:526.4,526.21 1 0
github.com/shentufoundation/shentu/v2/x/bank/types/tx.pb.go:527.11,530.18 3 0
github.com/shentufoundation/shentu/v2/x/bank/types/tx.pb.go:533.4,533.18 1 0
github.com/shentufoundation/shentu/v2/x/bank/types/tx.pb.go:536.4,536.28 1 0
github.com/shentufoundation/shentu/v2/x/bank/types/tx.pb.go:539.4,539.28 1 0
github.com/shentufoundation/shentu/v2/x/bank/types/tx.pb.go:542.4,542.19 1 0
github.com/shentufoundation/shentu/v2/x/bank/types/tx.pb.go:398.21,400.5 1 0
github.com/shentufoundation/shentu/v2/x/bank/types/tx.pb.go:402.39,403.20 1 0
github.com/shentufoundation/shentu/v2/x/bank/types/tx.pb.go:406.5,406.19 1 0
github.com/shentufoundation/shentu/v2/x/bank/types/tx.pb.go:409.5,412.17 4 0
github.com/shentufoundation/shentu/v2/x/bank/types/tx.pb.go:403.20,405.6 1 0
github.com/shentufoundation/shentu/v2/x/bank/types/tx.pb.go:406.19,408.6 1 0
github.com/shentufoundation/shentu/v2/x/bank/types/tx.pb.go:412.17,413.11 1 0
github.com/shentufoundation/shentu/v2/x/bank/types/tx.pb.go:417.24,419.5 1 0
github.com/shentufoundation/shentu/v2/x/bank/types/tx.pb.go:421.21,423.5 1 0
github.com/shentufoundation/shentu/v2/x/bank/types/tx.pb.go:424.21,426.5 1 0
github.com/shentufoundation/shentu/v2/x/bank/types/tx.pb.go:430.21,432.5 1 0
github.com/shentufoundation/shentu/v2/x/bank/types/tx.pb.go:434.39,435.20 1 0
github.com/shentufoundation/shentu/v2/x/bank/types/tx.pb.go:438.5,438.19 1 0
github.com/shentufoundation/shentu/v2/x/bank/types/tx.pb.go:441.5,444.17 4 0
github.com/shentufoundation/shentu/v2/x/bank/types/tx.pb.go:435.20,437.6 1 0
github.com/shentufoundation/shentu/v2/x/bank/types/tx.pb.go:438.19,440.6 1 0
github.com/shentufoundation/shentu/v2/x/bank/types/tx.pb.go:444.17,445.11 1 0
github.com/shentufoundation/shentu/v2/x/bank/types/tx.pb.go:449.24,451.5 1 0
github.com/shentufoundation/shentu/v2/x/bank/types/tx.pb.go:453.21,455.5 1 0
github.com/shentufoundation/shentu/v2/x/bank/types/tx.pb.go:456.21,458.5 1 0
github.com/shentufoundation/shentu/v2/x/bank/types/tx.pb.go:462.21,464.5 1 0
github.com/shentufoundation/shentu/v2/x/bank/types/tx.pb.go:466.39,467.20 1 0
[...]
github.com/shentufoundation/shentu/v2/x/shield/keeper/pool.go:268.67,269.52 1 4
github.com/shentufoundation/shentu/v2/x/shield/keeper/pool.go:273.2,273.14 1 4
github.com/shentufoundation/shentu/v2/x/shield/keeper/pool.go:269.52,272.3 2 1
github.com/shentufoundation/shentu/v2/x/shield/keeper/pool.go:277.61,280.2 2 0
github.com/shentufoundation/shentu/v2/x/shield/keeper/pool.go:283.45,284.52 1 14
github.com/shentufoundation/shentu/v2/x/shield/keeper/pool.go:284.52,285.66 1 4
github.com/shentufoundation/shentu/v2/x/shield/keeper/pool.go:288.3,288.15 1 4
github.com/shentufoundation/shentu/v2/x/shield/keeper/pool.go:285.66,287.4 1 0
github.com/shentufoundation/shentu/v2/x/shield/keeper/pool.go:293.94,298.42 4 19
github.com/shentufoundation/shentu/v2/x/shield/keeper/pool.go:298.42,302.21 3 5
github.com/shentufoundation/shentu/v2/x/shield/keeper/pool.go:302.21,303.9 1 0
github.com/shentufoundation/shentu/v2/x/shield/keeper/pool.go:309.142,312.28 2 0
github.com/shentufoundation/shentu/v2/x/shield/keeper/pool.go:317.2,318.12 2 0
github.com/shentufoundation/shentu/v2/x/shield/keeper/pool.go:321.2,325.18 4 0
github.com/shentufoundation/shentu/v2/x/shield/keeper/pool.go:312.28,314.3 1 0
github.com/shentufoundation/shentu/v2/x/shield/keeper/pool.go:318.12,320.3 1 0
github.com/shentufoundation/shentu/v2/x/shield/keeper/provider.go:10.95,14.2 3 64
github.com/shentufoundation/shentu/v2/x/shield/keeper/provider.go:17.104,20.15 3 94
github.com/shentufoundation/shentu/v2/x/shield/keeper/provider.go:23.2,24.17 2 80
github.com/shentufoundation/shentu/v2/x/shield/keeper/provider.go:20.15,22.3 1 14
github.com/shentufoundation/shentu/v2/x/shield/keeper/provider.go:29.82,34.34 3 5
github.com/shentufoundation/shentu/v2/x/shield/keeper/provider.go:42.2,45.17 4 5
github.com/shentufoundation/shentu/v2/x/shield/keeper/provider.go:34.34,36.13 2 4
github.com/shentufoundation/shentu/v2/x/shield/keeper/provider.go:39.3,39.85 1 4
github.com/shentufoundation/shentu/v2/x/shield/keeper/provider.go:36.13,37.42 1 0
github.com/shentufoundation/shentu/v2/x/shield/keeper/provider.go:49.81,52.53 1 26
github.com/shentufoundation/shentu/v2/x/shield/keeper/provider.go:57.2,59.34 3 17
github.com/shentufoundation/shentu/v2/x/shield/keeper/provider.go:67.2,67.71 1 17
github.com/shentufoundation/shentu/v2/x/shield/keeper/provider.go:52.53,54.3 1 9
github.com/shentufoundation/shentu/v2/x/shield/keeper/provider.go:59.34,61.13 2 27
github.com/shentufoundation/shentu/v2/x/shield/keeper/provider.go:64.3,64.97 1 27
github.com/shentufoundation/shentu/v2/x/shield/keeper/provider.go:61.13,62.42 1 0
github.com/shentufoundation/shentu/v2/x/shield/keeper/provider.go:71.99,73.12 2 2
github.com/shentufoundation/shentu/v2/x/shield/keeper/provider.go:77.2,78.12 2 2
github.com/shentufoundation/shentu/v2/x/shield/keeper/provider.go:81.2,82.12 2 2
github.com/shentufoundation/shentu/v2/x/shield/keeper/provider.go:85.2,87.96 2 2
github.com/shentufoundation/shentu/v2/x/shield/keeper/provider.go:73.12,75.3 1 0
github.com/shentufoundation/shentu/v2/x/shield/keeper/provider.go:78.12,79.35 1 0
github.com/shentufoundation/shentu/v2/x/shield/keeper/provider.go:82.12,83.34 1 0
github.com/shentufoundation/shentu/v2/x/shield/keeper/provider.go:91.112,93.12 2 19
github.com/shentufoundation/shentu/v2/x/shield/keeper/provider.go:98.2,103.33 4 19
github.com/shentufoundation/shentu/v2/x/shield/keeper/provider.go:93.12,95.3 1 0
github.com/shentufoundation/shentu/v2/x/shield/keeper/provider.go:103.33,104.76 1 8
github.com/shentufoundation/shentu/v2/x/shield/keeper/provider.go:104.76,105.70 1 0
github.com/shentufoundation/shentu/v2/x/shield/keeper/provider.go:111.103,116.42 4 23
github.com/shentufoundation/shentu/v2/x/shield/keeper/provider.go:116.42,120.25 3 22
github.com/shentufoundation/shentu/v2/x/shield/keeper/provider.go:120.25,121.9 1 0
github.com/shentufoundation/shentu/v2/x/shield/keeper/provider.go:127.79,128.61 1 23
github.com/shentufoundation/shentu/v2/x/shield/keeper/provider.go:132.2,132.8 1 23
github.com/shentufoundation/shentu/v2/x/shield/keeper/provider.go:128.61,131.3 2 22
github.com/shentufoundation/shentu/v2/x/shield/keeper/provider.go:136.103,137.83 1 0
github.com/shentufoundation/shentu/v2/x/shield/keeper/provider.go:141.2,141.8 1 0
github.com/shentufoundation/shentu/v2/x/shield/keeper/provider.go:137.83,140.3 2 0
github.com/shentufoundation/shentu/v2/x/shield/keeper/provider.go:146.120,150.42 3 0
github.com/shentufoundation/shentu/v2/x/shield/keeper/provider.go:150.42,154.19 3 0
github.com/shentufoundation/shentu/v2/x/shield/keeper/provider.go:154.19,155.9 1 0
github.com/shentufoundation/shentu/v2/x/shield/keeper/provider.go:162.95,165.2 2 0
github.com/shentufoundation/shentu/v2/x/shield/keeper/grpc_query.go:17.104,18.16 1 0
github.com/shentufoundation/shentu/v2/x/shield/keeper/grpc_query.go:21.2,25.12 3 0
github.com/shentufoundation/shentu/v2/x/shield/keeper/grpc_query.go:29.2,29.50 1 0
github.com/shentufoundation/shentu/v2/x/shield/keeper/grpc_query.go:18.16,20.3 1 0
github.com/shentufoundation/shentu/v2/x/shield/keeper/grpc_query.go:25.12,27.3 1 0
github.com/shentufoundation/shentu/v2/x/shield/keeper/grpc_query.go:33.113,34.16 1 0
github.com/shentufoundation/shentu/v2/x/shield/keeper/grpc_query.go:37.2,41.12 3 0
github.com/shentufoundation/shentu/v2/x/shield/keeper/grpc_query.go:45.2,45.54 1 0
github.com/shentufoundation/shentu/v2/x/shield/keeper/grpc_query.go:34.16,36.3 1 0
github.com/shentufoundation/shentu/v2/x/shield/keeper/grpc_query.go:41.12,43.3 1 0
github.com/shentufoundation/shentu/v2/x/shield/keeper/grpc_query.go:49.107,50.16 1 0
github.com/shentufoundation/shentu/v2/x/shield/keeper/grpc_query.go:53.2,55.66 2 0
github.com/shentufoundation/shentu/v2/x/shield/keeper/grpc_query.go:50.16,52.3 1 0
github.com/shentufoundation/shentu/v2/x/shield/keeper/grpc_query.go:59.128,60.16 1 0
github.com/shentufoundation/shentu/v2/x/shield/keeper/grpc_query.go:63.2,66.16 3 0
github.com/shentufoundation/shentu/v2/x/shield/keeper/grpc_query.go:70.2,71.12 2 0
github.com/shentufoundation/shentu/v2/x/shield/keeper/grpc_query.go:75.2,75.74 1 0
github.com/shentufoundation/shentu/v2/x/shield/keeper/grpc_query.go:60.16,62.3 1 0
github.com/shentufoundation/shentu/v2/x/shield/keeper/grpc_query.go:66.16,68.3 1 0
github.com/shentufoundation/shentu/v2/x/shield/keeper/grpc_query.go:71.12,73.3 1 0
github.com/shentufoundation/shentu/v2/x/shield/keeper/grpc_query.go:79.139,80.16 1 0
github.com/shentufoundation/shentu/v2/x/shield/keeper/grpc_query.go:83.2,87.77 3 0
github.com/shentufoundation/shentu/v2/x/shield/keeper/grpc_query.go:80.16,82.3 1 0
github.com/shentufoundation/shentu/v2/x/shield/keeper/grpc_query.go:91.131,92.16 1 0
github.com/shentufoundation/shentu/v2/x/shield/keeper/grpc_query.go:95.2,99.16 4 0
github.com/shentufoundation/shentu/v2/x/shield/keeper/grpc_query.go:102.2,104.77 2 0
github.com/shentufoundation/shentu/v2/x/shield/keeper/grpc_query.go:92.16,94.3 1 0
github.com/shentufoundation/shentu/v2/x/shield/keeper/grpc_query.go:99.16,101.3 1 0
github.com/shentufoundation/shentu/v2/x/shield/keeper/grpc_query.go:108.119,109.16 1 0
github.com/shentufoundation/shentu/v2/x/shield/keeper/grpc_query.go:112.2,114.78 2 0
github.com/shentufoundation/shentu/v2/x/shield/keeper/grpc_query.go:109.16,111.3 1 0
github.com/shentufoundation/shentu/v2/x/shield/keeper/grpc_query.go:118.116,119.16 1 0
github.com/shentufoundation/shentu/v2/x/shield/keeper/grpc_query.go:122.2,125.16 3 0
github.com/shentufoundation/shentu/v2/x/shield/keeper/grpc_query.go:129.2,130.12 2 0
github.com/shentufoundation/shentu/v2/x/shield/keeper/grpc_query.go:134.2,134.62 1 0
github.com/shentufoundation/shentu/v2/x/shield/keeper/grpc_query.go:119.16,121.3 1 0
github.com/shentufoundation/shentu/v2/x/shield/keeper/grpc_query.go:125.16,127.3 1 0
github.com/shentufoundation/shentu/v2/x/shield/keeper/grpc_query.go:130.12,132.3 1 0
github.com/shentufoundation/shentu/v2/x/shield/keeper/grpc_query.go:138.119,139.16 1 0
github.com/shentufoundation/shentu/v2/x/shield/keeper/grpc_query.go:142.2,144.78 2 0
github.com/shentufoundation/shentu/v2/x/shield/keeper/grpc_query.go:139.16,141.3 1 0
github.com/shentufoundation/shentu/v2/x/shield/keeper/grpc_query.go:148.122,149.16 1 0
github.com/shentufoundation/shentu/v2/x/shield/keeper/grpc_query.go:152.2,154.74 2 0
github.com/shentufoundation/shentu/v2/x/shield/keeper/grpc_query.go:149.16,151.3 1 0
github.com/shentufoundation/shentu/v2/x/shield/keeper/grpc_query.go:158.125,159.16 1 0
github.com/shentufoundation/shentu/v2/x/shield/keeper/grpc_query.go:162.2,164.84 2 0
github.com/shentufoundation/shentu/v2/x/shield/keeper/grpc_query.go:159.16,161.3 1 0
github.com/shentufoundation/shentu/v2/x/shield/keeper/grpc_query.go:168.125,169.16 1 0
github.com/shentufoundation/shentu/v2/x/shield/keeper/grpc_query.go:172.2,174.83 2 0
github.com/shentufoundation/shentu/v2/x/shield/keeper/grpc_query.go:169.16,171.3 1 0
github.com/shentufoundation/shentu/v2/x/shield/keeper/grpc_query.go:178.128,179.16 1 0
github.com/shentufoundation/shentu/v2/x/shield/keeper/grpc_query.go:182.2,191.8 2 0
github.com/shentufoundation/shentu/v2/x/shield/keeper/grpc_query.go:179.16,181.3 1 0
github.com/shentufoundation/shentu/v2/x/shield/keeper/grpc_query.go:195.131,196.16 1 0
github.com/shentufoundation/shentu/v2/x/shield/keeper/grpc_query.go:199.2,202.16 3 0
github.com/shentufoundation/shentu/v2/x/shield/keeper/grpc_query.go:205.2,206.12 2 0
github.com/shentufoundation/shentu/v2/x/shield/keeper/grpc_query.go:210.2,210.77 1 0
github.com/shentufoundation/shentu/v2/x/shield/keeper/grpc_query.go:196.16,198.3 1 0
github.com/shentufoundation/shentu/v2/x/shield/keeper/grpc_query.go:202.16,204.3 1 0
github.com/shentufoundation/shentu/v2/x/shield/keeper/grpc_query.go:206.12,208.3 1 0
github.com/shentufoundation/shentu/v2/x/shield/keeper/grpc_query.go:214.143,215.16 1 0
github.com/shentufoundation/shentu/v2/x/shield/keeper/grpc_query.go:218.2,220.86 2 0
github.com/shentufoundation/shentu/v2/x/shield/keeper/grpc_query.go:215.16,217.3 1 0
github.com/shentufoundation/shentu/v2/x/shield/keeper/grpc_query.go:224.131,225.16 1 0
github.com/shentufoundation/shentu/v2/x/shield/keeper/grpc_query.go:228.2,231.16 3 0
github.com/shentufoundation/shentu/v2/x/shield/keeper/grpc_query.go:235.2,235.77 1 0
github.com/shentufoundation/shentu/v2/x/shield/keeper/grpc_query.go:225.16,227.3 1 0
github.com/shentufoundation/shentu/v2/x/shield/keeper/grpc_query.go:231.16,233.3 1 0
github.com/shentufoundation/shentu/v2/x/shield/keeper/grpc_query.go:239.134,240.16 1 0
github.com/shentufoundation/shentu/v2/x/shield/keeper/grpc_query.go:243.2,245.98 2 0
github.com/shentufoundation/shentu/v2/x/shield/keeper/grpc_query.go:240.16,242.3 1 0
github.com/shentufoundation/shentu/v2/x/shield/keeper/msg_server.go:18.54,20.2 1 9
github.com/shentufoundation/shentu/v2/x/shield/keeper/msg_server.go:24.118,28.16 3 1
github.com/shentufoundation/shentu/v2/x/shield/keeper/msg_server.go:31.2,32.16 2 1
github.com/shentufoundation/shentu/v2/x/shield/keeper/msg_server.go:36.2,37.16 2 1
github.com/shentufoundation/shentu/v2/x/shield/keeper/msg_server.go:41.2,56.44 2 1
github.com/shentufoundation/shentu/v2/x/shield/keeper/msg_server.go:28.16,30.3 1 0
github.com/shentufoundation/shentu/v2/x/shield/keeper/msg_server.go:32.16,34.3 1 0
github.com/shentufoundation/shentu/v2/x/shield/keeper/msg_server.go:37.16,39.3 1 0
github.com/shentufoundation/shentu/v2/x/shield/keeper/msg_server.go:59.118,63.16 3 0
github.com/shentufoundation/shentu/v2/x/shield/keeper/msg_server.go:67.2,68.16 2 0
github.com/shentufoundation/shentu/v2/x/shield/keeper/msg_server.go:72.2,84.44 2 0
github.com/shentufoundation/shentu/v2/x/shield/keeper/msg_server.go:63.16,65.3 1 0
github.com/shentufoundation/shentu/v2/x/shield/keeper/msg_server.go:68.16,70.3 1 0
github.com/shentufoundation/shentu/v2/x/shield/keeper/msg_server.go:87.115,91.16 3 0
github.com/shentufoundation/shentu/v2/x/shield/keeper/msg_server.go:95.2,96.16 2 0
github.com/shentufoundation/shentu/v2/x/shield/keeper/msg_server.go:100.2,112.43 2 0
github.com/shentufoundation/shentu/v2/x/shield/keeper/msg_server.go:91.16,93.3 1 0
github.com/shentufoundation/shentu/v2/x/shield/keeper/msg_server.go:96.16,98.3 1 0
github.com/shentufoundation/shentu/v2/x/shield/keeper/msg_server.go:115.118,119.16 3 0
github.com/shentufoundation/shentu/v2/x/shield/keeper/msg_server.go:123.2,124.16 2 0
github.com/shentufoundation/shentu/v2/x/shield/keeper/msg_server.go:128.2,140.44 2 0
github.com/shentufoundation/shentu/v2/x/shield/keeper/msg_server.go:119.16,121.3 1 0
github.com/shentufoundation/shentu/v2/x/shield/keeper/msg_server.go:124.16,126.3 1 0
github.com/shentufoundation/shentu/v2/x/shield/keeper/msg_server.go:143.139,147.16 3 10
github.com/shentufoundation/shentu/v2/x/shield/keeper/msg_server.go:151.2,152.38 2 10
github.com/shentufoundation/shentu/v2/x/shield/keeper/msg_server.go:157.2,159.74 2 10
github.com/shentufoundation/shentu/v2/x/shield/keeper/msg_server.go:163.2,176.51 2 6
github.com/shentufoundation/shentu/v2/x/shield/keeper/msg_server.go:147.16,149.3 1 0
github.com/shentufoundation/shentu/v2/x/shield/keeper/msg_server.go:152.38,153.30 1 10
github.com/shentufoundation/shentu/v2/x/shield/keeper/msg_server.go:153.30,155.4 1 0
github.com/shentufoundation/shentu/v2/x/shield/keeper/msg_server.go:159.74,161.3 1 4
github.com/shentufoundation/shentu/v2/x/shield/keeper/msg_server.go:179.142,183.16 3 1
github.com/shentufoundation/shentu/v2/x/shield/keeper/msg_server.go:187.2,188.38 2 1
github.com/shentufoundation/shentu/v2/x/shield/keeper/msg_server.go:193.2,194.75 2 1
github.com/shentufoundation/shentu/v2/x/shield/keeper/msg_server.go:198.2,211.52 2 1
github.com/shentufoundation/shentu/v2/x/shield/keeper/msg_server.go:183.16,185.3 1 0
github.com/shentufoundation/shentu/v2/x/shield/keeper/msg_server.go:188.38,189.30 1 1
github.com/shentufoundation/shentu/v2/x/shield/keeper/msg_server.go:189.30,191.4 1 0
github.com/shentufoundation/shentu/v2/x/shield/keeper/msg_server.go:194.75,196.3 1 0
github.com/shentufoundation/shentu/v2/x/shield/keeper/msg_server.go:214.133,218.16 3 0
github.com/shentufoundation/shentu/v2/x/shield/keeper/msg_server.go:222.2,223.16 2 0
github.com/shentufoundation/shentu/v2/x/shield/keeper/msg_server.go:226.2,240.49 2 0
github.com/shentufoundation/shentu/v2/x/shield/keeper/msg_server.go:218.16,220.3 1 0
github.com/shentufoundation/shentu/v2/x/shield/keeper/msg_server.go:223.16,225.3 1 0
github.com/shentufoundation/shentu/v2/x/shield/keeper/msg_server.go:243.127,247.16 3 0
github.com/shentufoundation/shentu/v2/x/shield/keeper/msg_server.go:250.2,251.16 2 0
github.com/shentufoundation/shentu/v2/x/shield/keeper/msg_server.go:255.2,256.16 2 0
github.com/shentufoundation/shentu/v2/x/shield/keeper/msg_server.go:260.2,274.47 2 0
github.com/shentufoundation/shentu/v2/x/shield/keeper/msg_server.go:247.16,249.3 1 0
github.com/shentufoundation/shentu/v2/x/shield/keeper/msg_server.go:251.16,253.3 1 0
github.com/shentufoundation/shentu/v2/x/shield/keeper/msg_server.go:256.16,258.3 1 0
github.com/shentufoundation/shentu/v2/x/shield/keeper/msg_server.go:277.130,281.16 3 0
github.com/shentufoundation/shentu/v2/x/shield/keeper/msg_server.go:285.2,286.16 2 0
github.com/shentufoundation/shentu/v2/x/shield/keeper/msg_server.go:290.2,307.48 2 0
github.com/shentufoundation/shentu/v2/x/shield/keeper/msg_server.go:281.16,283.3 1 0
github.com/shentufoundation/shentu/v2/x/shield/keeper/msg_server.go:286.16,288.3 1 0
github.com/shentufoundation/shentu/v2/x/shield/keeper/msg_server.go:310.139,314.16 3 0
github.com/shentufoundation/shentu/v2/x/shield/keeper/msg_server.go:317.2,320.16 3 0
github.com/shentufoundation/shentu/v2/x/shield/keeper/msg_server.go:324.2,338.51 2 0
github.com/shentufoundation/shentu/v2/x/shield/keeper/msg_server.go:314.16,316.3 1 0
github.com/shentufoundation/shentu/v2/x/shield/keeper/msg_server.go:320.16,322.3 1 0
github.com/shentufoundation/shentu/v2/x/shield/keeper/msg_server.go:341.130,345.16 3 1
github.com/shentufoundation/shentu/v2/x/shield/keeper/msg_server.go:349.2,350.16 2 1
github.com/shentufoundation/shentu/v2/x/shield/keeper/msg_server.go:354.2,371.48 2 1
github.com/shentufoundation/shentu/v2/x/shield/keeper/msg_server.go:345.16,347.3 1 0
github.com/shentufoundation/shentu/v2/x/shield/keeper/msg_server.go:350.16,352.3 1 0
github.com/shentufoundation/shentu/v2/x/shield/keeper/msg_server.go:374.151,378.16 3 1
github.com/shentufoundation/shentu/v2/x/shield/keeper/msg_server.go:382.2,383.16 2 1
github.com/shentufoundation/shentu/v2/x/shield/keeper/msg_server.go:387.2,401.55 2 1
github.com/shentufoundation/shentu/v2/x/shield/keeper/msg_server.go:378.16,380.3 1 0
github.com/shentufoundation/shentu/v2/x/shield/keeper/msg_server.go:383.16,385.3 1 0
github.com/shentufoundation/shentu/v2/x/shield/keeper/msg_server.go:404.154,406.2 1 0
github.com/shentufoundation/shentu/v2/x/shield/keeper/test_common.go:13.89,15.20 2 0
github.com/shentufoundation/shentu/v2/x/shield/keeper/test_common.go:19.2,20.22 2 0
github.com/shentufoundation/shentu/v2/x/shield/keeper/test_common.go:15.20,17.3 1 0
github.com/shentufoundation/shentu/v2/x/shield/keeper/test_common.go:24.96,26.9 2 0
github.com/shentufoundation/shentu/v2/x/shield/keeper/test_common.go:30.2,31.16 2 0
github.com/shentufoundation/shentu/v2/x/shield/keeper/test_common.go:34.2,38.16 4 0
github.com/shentufoundation/shentu/v2/x/shield/keeper/test_common.go:42.2,42.74 1 0
github.com/shentufoundation/shentu/v2/x/shield/keeper/test_common.go:26.9,28.3 1 0
github.com/shentufoundation/shentu/v2/x/shield/keeper/test_common.go:31.16,32.13 1 0
github.com/shentufoundation/shentu/v2/x/shield/keeper/test_common.go:38.16,39.13 1 0
github.com/shentufoundation/shentu/v2/x/shield/keeper/test_common.go:46.85,48.21 2 0
github.com/shentufoundation/shentu/v2/x/shield/keeper/test_common.go:51.2,52.44 2 0
github.com/shentufoundation/shentu/v2/x/shield/keeper/test_common.go:48.21,50.3 1 0
github.com/shentufoundation/shentu/v2/x/shield/keeper/test_common.go:56.93,58.29 2 0
github.com/shentufoundation/shentu/v2/x/shield/keeper/test_common.go:61.2,62.31 2 0
github.com/shentufoundation/shentu/v2/x/shield/keeper/test_common.go:58.29,60.3 1 0
github.com/shentufoundation/shentu/v2/x/shield/keeper/test_common.go:66.85,68.25 2 0
github.com/shentufoundation/shentu/v2/x/shield/keeper/test_common.go:72.2,73.27 2 0
github.com/shentufoundation/shentu/v2/x/shield/keeper/test_common.go:68.25,70.3 1 0
github.com/shentufoundation/shentu/v2/x/shield/keeper/test_common.go:77.130,79.23 2 0
github.com/shentufoundation/shentu/v2/x/shield/keeper/test_common.go:82.2,83.33 2 0
github.com/shentufoundation/shentu/v2/x/shield/keeper/test_common.go:88.2,88.30 1 0
github.com/shentufoundation/shentu/v2/x/shield/keeper/test_common.go:92.2,93.32 2 0
github.com/shentufoundation/shentu/v2/x/shield/keeper/test_common.go:79.23,81.3 1 0
github.com/shentufoundation/shentu/v2/x/shield/keeper/test_common.go:83.33,84.62 1 0
github.com/shentufoundation/shentu/v2/x/shield/keeper/test_common.go:84.62,86.4 1 0
github.com/shentufoundation/shentu/v2/x/shield/keeper/test_common.go:88.30,90.3 1 0
github.com/shentufoundation/shentu/v2/x/bank/client/cli/tx.go:18.39,23.55 1 2
github.com/shentufoundation/shentu/v2/x/bank/client/cli/tx.go:52.2,54.12 3 2
github.com/shentufoundation/shentu/v2/x/bank/client/cli/tx.go:23.55,27.18 3 2
github.com/shentufoundation/shentu/v2/x/bank/client/cli/tx.go:31.4,32.18 2 2
github.com/shentufoundation/shentu/v2/x/bank/client/cli/tx.go:36.4,37.18 2 2
github.com/shentufoundation/shentu/v2/x/bank/client/cli/tx.go:41.4,42.22 2 2
github.com/shentufoundation/shentu/v2/x/bank/client/cli/tx.go:48.4,49.64 2 2
github.com/shentufoundation/shentu/v2/x/bank/client/cli/tx.go:27.18,29.5 1 0
github.com/shentufoundation/shentu/v2/x/bank/client/cli/tx.go:32.18,34.5 1 0
github.com/shentufoundation/shentu/v2/x/bank/client/cli/tx.go:37.18,39.5 1 0
github.com/shentufoundation/shentu/v2/x/bank/client/cli/tx.go:42.22,44.19 2 1
github.com/shentufoundation/shentu/v2/x/bank/client/cli/tx.go:44.19,46.6 1 0
